#
# A fatal error has been detected by the Java Runtime Environment:
#
#  EXCEPTION_ACCESS_VIOLATION (0xc0000005) at pc=0x155829b3, pid=3240, tid=28752
#
# JRE version: Java(TM) SE Runtime Environment (8.0_66-b18) (build 1.8.0_66-b18)
# Java VM: Java HotSpot(TM) Client VM (25.66-b18 mixed mode, sharing windows-x86 )
# Problematic frame:
# C  [wiiuse.dll+0x29b3]
#
# Failed to write core dump. Minidumps are not enabled by default on client versions of Windows
#
# If you would like to submit a bug report, please visit:
#   http://bugreport.java.com/bugreport/crash.jsp
# The crash happened outside the Java Virtual Machine in native code.
# See problematic frame for where to report the bug.
#

---------------  T H R E A D  ---------------

Current thread (0x01f15400):  JavaThread "Thread-2" [_thread_in_native, id=28752, stack(0x161c0000,0x16210000)]

siginfo: ExceptionCode=0xc0000005, reading address 0x000001cd

Registers:
EAX=0x00000001, EBX=0x00000000, ECX=0x00000001, EDX=0x00000000
ESP=0x1620f57c, EBP=0x16210850, ESI=0x14483848, EDI=0x00000000
EIP=0x155829b3, EFLAGS=0x00010202

Top of Stack: (sp=0x1620f57c)
0x1620f57c:   14483848 01f15540 1620f668 66f126b8
0x1620f58c:   702c19c3 16210850 00000001 00000000
0x1620f59c:   00000000 00000000 0204eef8 0204ef48
0x1620f5ac:   00000001 00000000 1620f5e8 66bc6cf3
0x1620f5bc:   01f15400 c840ca89 01f15400 01f15400
0x1620f5cc:   1525a088 1620f5c0 1620f5c4 1620f7dc
0x1620f5dc:   66e7b40e b88fe2f9 fffffffe 1620f5f8
0x1620f5ec:   66bc6d64 01f15400 1620f770 1620f618 

Instructions: (pc=0x155829b3)
0x15582993:   00 c7 80 c8 01 00 00 00 00 00 00 8b 4c bd 00 51
0x155829a3:   e8 78 05 00 00 83 c4 04 85 c0 74 5f 8b 4c bd 00
0x155829b3:   0f b6 91 cc 01 00 00 8d 81 cd 01 00 00 52 e8 fa
0x155829c3:   fc ff ff 8b 44 bd 00 33 c9 83 c4 04 39 88 c8 01 


Register to memory mapping:

EAX=0x00000001 is an unknown value
EBX=0x00000000 is an unknown value
ECX=0x00000001 is an unknown value
EDX=0x00000000 is an unknown value
ESP=0x1620f57c is pointing into the stack for thread: 0x01f15400
EBP=0x16210850 is an unknown value
ESI={method} {0x1448384c} 'specialPoll' '(Lwiiusej/wiiusejevents/utils/EventsGatherer;)V' in 'wiiusej/WiiUseApi'
EDI=0x00000000 is an unknown value


Stack: [0x161c0000,0x16210000],  sp=0x1620f57c,  free space=317k
Native frames: (J=compiled Java code, j=interpreted, Vv=VM code, C=native code)
C  [wiiuse.dll+0x29b3]

Java frames: (J=compiled Java code, j=interpreted, Vv=VM code)
j  wiiusej.WiiUseApi.specialPoll(Lwiiusej/wiiusejevents/utils/EventsGatherer;)V+0
j  wiiusej.WiiUseApiManager.run()V+53
v  ~StubRoutines::call_stub

---------------  P R O C E S S  ---------------

Java Threads: ( => current thread )
  0x01f15800 JavaThread "TimerQueue" daemon [_thread_blocked, id=5128, stack(0x16260000,0x162b0000)]
=>0x01f15400 JavaThread "Thread-2" [_thread_in_native, id=28752, stack(0x161c0000,0x16210000)]
  0x01f17400 JavaThread "AWT-EventQueue-0" [_thread_in_vm, id=6220, stack(0x15700000,0x15750000)]
  0x01f16c00 JavaThread "AWT-Windows" daemon [_thread_in_native, id=27560, stack(0x155b0000,0x15600000)]
  0x01f16800 JavaThread "AWT-Shutdown" [_thread_blocked, id=27808, stack(0x154f0000,0x15540000)]
  0x01f14c00 JavaThread "Java2D Disposer" daemon [_thread_blocked, id=20100, stack(0x14b90000,0x14be0000)]
  0x01f10800 JavaThread "Service Thread" daemon [_thread_blocked, id=18952, stack(0x14a70000,0x14ac0000)]
  0x01ee8400 JavaThread "C1 CompilerThread0" daemon [_thread_blocked, id=29256, stack(0x149e0000,0x14a30000)]
  0x01ee7400 JavaThread "Attach Listener" daemon [_thread_blocked, id=19404, stack(0x14950000,0x149a0000)]
  0x01ee5400 JavaThread "Signal Dispatcher" daemon [_thread_blocked, id=27228, stack(0x148c0000,0x14910000)]
  0x01edb000 JavaThread "Finalizer" daemon [_thread_blocked, id=29252, stack(0x14730000,0x14780000)]
  0x01ed6000 JavaThread "Reference Handler" daemon [_thread_blocked, id=22252, stack(0x146a0000,0x146f0000)]
  0x0204b800 JavaThread "main" [_thread_in_native, id=28104, stack(0x00880000,0x008d0000)]

Other Threads:
  0x01ed2400 VMThread [stack: 0x04190000,0x041e0000] [id=27968]
  0x01f22400 WatcherThread [stack: 0x14b00000,0x14b50000] [id=29244]

VM state:not at safepoint (normal execution)

VM Mutex/Monitor currently owned by a thread: None

Heap:
 def new generation   total 7808K, used 1307K [0x04200000, 0x04a70000, 0x09750000)
  eden space 6976K,  18% used [0x04200000, 0x04346ec8, 0x048d0000)
  from space 832K,   0% used [0x048d0000, 0x048d0000, 0x049a0000)
  to   space 832K,   0% used [0x049a0000, 0x049a0000, 0x04a70000)
 tenured generation   total 17188K, used 10310K [0x09750000, 0x0a819000, 0x14200000)
   the space 17188K,  59% used [0x09750000, 0x0a161a80, 0x0a161c00, 0x0a819000)
 Metaspace       used 659K, capacity 2624K, committed 2624K, reserved 4480K

Card table byte_map: [0x04060000,0x040f0000] byte_map_base: 0x0403f000

Polling page: 0x01e80000

CodeCache: size=32768Kb used=918Kb max_used=918Kb free=31849Kb
 bounds [0x02060000, 0x02148000, 0x04060000]
 total_blobs=423 nmethods=207 adapters=147
 compilation: enabled

Compilation events (10 events):
Event: 0.913 Thread 0x01ee8400  162             java.awt.image.Raster::getMinY (5 bytes)
Event: 0.913 Thread 0x01ee8400 nmethod 162 0x02137988 code [0x02137a80, 0x02137b00]
Event: 0.913 Thread 0x01ee8400  163             java.io.DataInputStream::readFully (63 bytes)
Event: 0.914 Thread 0x01ee8400 nmethod 163 0x02137b48 code [0x02137c70, 0x02137e14]
Event: 0.914 Thread 0x01ee8400  164             sun.awt.image.ByteInterleavedRaster::setDataElements (263 bytes)
Event: 0.915 Thread 0x01ee8400 nmethod 164 0x02137f88 code [0x021380d0, 0x02138504]
Event: 0.998 Thread 0x01ee8400  165             java.lang.ref.Reference::<init> (25 bytes)
Event: 0.999 Thread 0x01ee8400 nmethod 165 0x02138a48 code [0x02138b40, 0x02138bf0]
Event: 1.008 Thread 0x01ee8400  166  s          sun.java2d.loops.GraphicsPrimitiveMgr::locatePrim (96 bytes)
Event: 1.009 Thread 0x01ee8400 nmethod 166 0x02138d88 code [0x02138ec0, 0x0213936c]

GC Heap History (8 events):
Event: 0.471 GC heap before
{Heap before GC invocations=0 (full 0):
 def new generation   total 4928K, used 3596K [0x04200000, 0x04750000, 0x09750000)
  eden space 4416K,  81% used [0x04200000, 0x045830c8, 0x04650000)
  from space 512K,   0% used [0x04650000, 0x04650000, 0x046d0000)
  to   space 512K,   0% used [0x046d0000, 0x046d0000, 0x04750000)
 tenured generation   total 10944K, used 0K [0x09750000, 0x0a200000, 0x14200000)
   the space 10944K,   0% used [0x09750000, 0x09750000, 0x09750200, 0x0a200000)
 Metaspace       used 345K, capacity 2592K, committed 2624K, reserved 4480K
Event: 0.482 GC heap after
Heap after GC invocations=1 (full 0):
 def new generation   total 4928K, used 512K [0x04200000, 0x04750000, 0x09750000)
  eden space 4416K,   0% used [0x04200000, 0x04200000, 0x04650000)
  from space 512K, 100% used [0x046d0000, 0x04750000, 0x04750000)
  to   space 512K,   0% used [0x04650000, 0x04650000, 0x046d0000)
 tenured generation   total 10944K, used 625K [0x09750000, 0x0a200000, 0x14200000)
   the space 10944K,   5% used [0x09750000, 0x097ec440, 0x097ec600, 0x0a200000)
 Metaspace       used 345K, capacity 2592K, committed 2624K, reserved 4480K
}
Event: 0.769 GC heap before
{Heap before GC invocations=1 (full 0):
 def new generation   total 4928K, used 4928K [0x04200000, 0x04750000, 0x09750000)
  eden space 4416K, 100% used [0x04200000, 0x04650000, 0x04650000)
  from space 512K, 100% used [0x046d0000, 0x04750000, 0x04750000)
  to   space 512K,   0% used [0x04650000, 0x04650000, 0x046d0000)
 tenured generation   total 10944K, used 6658K [0x09750000, 0x0a200000, 0x14200000)
   the space 10944K,  60% used [0x09750000, 0x09dd0aa8, 0x09dd0c00, 0x0a200000)
 Metaspace       used 650K, capacity 2624K, committed 2624K, reserved 4480K
Event: 0.777 GC heap after
Heap after GC invocations=2 (full 0):
 def new generation   total 4928K, used 120K [0x04200000, 0x04750000, 0x09750000)
  eden space 4416K,   0% used [0x04200000, 0x04200000, 0x04650000)
  from space 512K,  23% used [0x04650000, 0x0466e158, 0x046d0000)
  to   space 512K,   0% used [0x046d0000, 0x046d0000, 0x04750000)
 tenured generation   total 10944K, used 10039K [0x09750000, 0x0a200000, 0x14200000)
   the space 10944K,  91% used [0x09750000, 0x0a11dc90, 0x0a11de00, 0x0a200000)
 Metaspace       used 650K, capacity 2624K, committed 2624K, reserved 4480K
}
Event: 0.948 GC heap before
{Heap before GC invocations=2 (full 0):
 def new generation   total 4928K, used 4533K [0x04200000, 0x04750000, 0x09750000)
  eden space 4416K,  99% used [0x04200000, 0x0464f2b0, 0x04650000)
  from space 512K,  23% used [0x04650000, 0x0466e158, 0x046d0000)
  to   space 512K,   0% used [0x046d0000, 0x046d0000, 0x04750000)
 tenured generation   total 10944K, used 10039K [0x09750000, 0x0a200000, 0x14200000)
   the space 10944K,  91% used [0x09750000, 0x0a11dc90, 0x0a11de00, 0x0a200000)
 Metaspace       used 650K, capacity 2624K, committed 2624K, reserved 4480K
Event: 0.949 GC heap after
Heap after GC invocations=3 (full 0):
 def new generation   total 4928K, used 95K [0x04200000, 0x04750000, 0x09750000)
  eden space 4416K,   0% used [0x04200000, 0x04200000, 0x04650000)
  from space 512K,  18% used [0x046d0000, 0x046e7f68, 0x04750000)
  to   space 512K,   0% used [0x04650000, 0x04650000, 0x046d0000)
 tenured generation   total 10944K, used 10039K [0x09750000, 0x0a200000, 0x14200000)
   the space 10944K,  91% used [0x09750000, 0x0a11dc90, 0x0a11de00, 0x0a200000)
 Metaspace       used 650K, capacity 2624K, committed 2624K, reserved 4480K
}
Event: 1.033 GC heap before
{Heap before GC invocations=3 (full 0):
 def new generation   total 4928K, used 4511K [0x04200000, 0x04750000, 0x09750000)
  eden space 4416K, 100% used [0x04200000, 0x04650000, 0x04650000)
  from space 512K,  18% used [0x046d0000, 0x046e7f68, 0x04750000)
  to   space 512K,   0% used [0x04650000, 0x04650000, 0x046d0000)
 tenured generation   total 10944K, used 10039K [0x09750000, 0x0a200000, 0x14200000)
   the space 10944K,  91% used [0x09750000, 0x0a11dc90, 0x0a11de00, 0x0a200000)
 Metaspace       used 653K, capacity 2624K, committed 2624K, reserved 4480K
Event: 1.051 GC heap after
Heap after GC invocations=4 (full 1):
 def new generation   total 7808K, used 0K [0x04200000, 0x04a70000, 0x09750000)
  eden space 6976K,   0% used [0x04200000, 0x04200000, 0x048d0000)
  from space 832K,   0% used [0x048d0000, 0x048d0000, 0x049a0000)
  to   space 832K,   0% used [0x049a0000, 0x049a0000, 0x04a70000)
 tenured generation   total 17188K, used 10310K [0x09750000, 0x0a819000, 0x14200000)
   the space 17188K,  59% used [0x09750000, 0x0a161a80, 0x0a161c00, 0x0a819000)
 Metaspace       used 653K, capacity 2624K, committed 2624K, reserved 4480K
}

Deoptimization events (0 events):
No events

Internal exceptions (10 events):
Event: 0.044 Thread 0x0204b800 Exception <a 'java/lang/NoSuchMethodError': Method sun.misc.Unsafe.defineClass(Ljava/lang/String;[BII)Ljava/lang/Class; name or signature does not match> (0x0420c380) thrown at [C:\re\workspace\8-2-build-windows-i586-cygwin\jdk8u66\5298\hotspot\src\share\v-ÏçüT¶?
Event: 0.044 Thread 0x0204b800 Exception <a 'java/lang/NoSuchMethodError': Method sun.misc.Unsafe.prefetchRead(Ljava/lang/Object;J)V name or signature does not match> (0x0420c650) thrown at [C:\re\workspace\8-2-build-windows-i586-cygwin\jdk8u66\5298\hotspot\src\share\vm\prims\jni.cpp, lÌzˆ¶≥C≈?
Event: 0.166 Thread 0x0204b800 Exception <a 'java/security/PrivilegedActionException'> (0x04300e68) thrown at [C:\re\workspace\8-2-build-windows-i586-cygwin\jdk8u66\5298\hotspot\src\share\vm\prims\jvm.cpp, line 1386]
Event: 0.166 Thread 0x0204b800 Exception <a 'java/security/PrivilegedActionException'> (0x04301068) thrown at [C:\re\workspace\8-2-build-windows-i586-cygwin\jdk8u66\5298\hotspot\src\share\vm\prims\jvm.cpp, line 1386]
Event: 0.169 Thread 0x0204b800 Exception <a 'java/security/PrivilegedActionException'> (0x04304e28) thrown at [C:\re\workspace\8-2-build-windows-i586-cygwin\jdk8u66\5298\hotspot\src\share\vm\prims\jvm.cpp, line 1386]
Event: 0.169 Thread 0x0204b800 Exception <a 'java/security/PrivilegedActionException'> (0x04305028) thrown at [C:\re\workspace\8-2-build-windows-i586-cygwin\jdk8u66\5298\hotspot\src\share\vm\prims\jvm.cpp, line 1386]
Event: 0.182 Thread 0x0204b800 Exception <a 'java/io/FileNotFoundException'> (0x0430b510) thrown at [C:\re\workspace\8-2-build-windows-i586-cygwin\jdk8u66\5298\hotspot\src\share\vm\prims\jni.cpp, line 709]
Event: 0.245 Thread 0x0204b800 Exception <a 'java/lang/NoSuchFieldError': method resolution failed> (0x043c65c8) thrown at [C:\re\workspace\8-2-build-windows-i586-cygwin\jdk8u66\5298\hotspot\src\share\vm\prims\methodHandles.cpp, line 1146]
Event: 0.248 Thread 0x0204b800 Exception <a 'java/lang/NoSuchFieldError': method resolution failed> (0x043d2768) thrown at [C:\re\workspace\8-2-build-windows-i586-cygwin\jdk8u66\5298\hotspot\src\share\vm\prims\methodHandles.cpp, line 1146]
Event: 0.299 Thread 0x0204b800 Exception <a 'java/io/FileNotFoundException'> (0x04459110) thrown at [C:\re\workspace\8-2-build-windows-i586-cygwin\jdk8u66\5298\hotspot\src\share\vm\prims\jni.cpp, line 709]

Events (10 events):
Event: 0.702 loading class com/sun/imageio/plugins/common/ReaderUtil done
Event: 0.769 Executing VM operation: GenCollectForAllocation
Event: 0.777 Executing VM operation: GenCollectForAllocation done
Event: 0.948 Executing VM operation: GenCollectForAllocation
Event: 0.949 Executing VM operation: GenCollectForAllocation done
Event: 1.003 Thread 0x01f15800 Thread added: 0x01f15800
Event: 1.033 Executing VM operation: GenCollectForAllocation
Event: 1.051 Executing VM operation: GenCollectForAllocation done
Event: 1.052 loading class javax/swing/Timer$1
Event: 1.052 loading class javax/swing/Timer$1 done


Dynamic libraries:
0x001a0000 - 0x001d3000 	C:\Program Files (x86)\Java\jre1.8.0_66\bin\javaw.exe
0x778d0000 - 0x77a4b000 	C:\WINDOWS\SYSTEM32\ntdll.dll
0x774f0000 - 0x775d0000 	C:\WINDOWS\SYSTEM32\KERNEL32.DLL
0x74e50000 - 0x74fce000 	C:\WINDOWS\SYSTEM32\KERNELBASE.dll
0x702d0000 - 0x70362000 	C:\WINDOWS\system32\apphelp.dll
0x74fe0000 - 0x7505b000 	C:\WINDOWS\SYSTEM32\ADVAPI32.dll
0x76f70000 - 0x7702e000 	C:\WINDOWS\SYSTEM32\msvcrt.dll
0x77440000 - 0x77484000 	C:\WINDOWS\SYSTEM32\sechost.dll
0x76940000 - 0x769ed000 	C:\WINDOWS\SYSTEM32\RPCRT4.dll
0x74600000 - 0x7461e000 	C:\WINDOWS\SYSTEM32\SspiCli.dll
0x745f0000 - 0x745fa000 	C:\WINDOWS\SYSTEM32\CRYPTBASE.dll
0x75310000 - 0x75368000 	C:\WINDOWS\SYSTEM32\bcryptPrimitives.dll
0x77780000 - 0x778c7000 	C:\WINDOWS\SYSTEM32\USER32.dll
0x775d0000 - 0x7771f000 	C:\WINDOWS\SYSTEM32\GDI32.dll
0x6ff20000 - 0x7012f000 	C:\WINDOWS\WinSxS\x86_microsoft.windows.common-controls_6595b64144ccf1df_6.0.10586.0_none_d3c2e4e965da4528\COMCTL32.dll
0x74c40000 - 0x74dfd000 	C:\WINDOWS\SYSTEM32\combase.dll
0x769f0000 - 0x76a1b000 	C:\WINDOWS\SYSTEM32\IMM32.DLL
0x665e0000 - 0x6669f000 	C:\Program Files (x86)\Java\jre1.8.0_66\bin\msvcr100.dll
0x66bc0000 - 0x66f85000 	C:\Program Files (x86)\Java\jre1.8.0_66\bin\client\jvm.dll
0x76e40000 - 0x76e46000 	C:\WINDOWS\SYSTEM32\PSAPI.DLL
0x74250000 - 0x74258000 	C:\WINDOWS\SYSTEM32\WSOCK32.dll
0x6f6d0000 - 0x6f6f4000 	C:\WINDOWS\SYSTEM32\WINMM.dll
0x75370000 - 0x753cf000 	C:\WINDOWS\SYSTEM32\WS2_32.dll
0x74160000 - 0x74168000 	C:\WINDOWS\SYSTEM32\VERSION.dll
0x6f1e0000 - 0x6f203000 	C:\WINDOWS\SYSTEM32\WINMMBASE.dll
0x77150000 - 0x77187000 	C:\WINDOWS\SYSTEM32\cfgmgr32.dll
0x66bb0000 - 0x66bbc000 	C:\Program Files (x86)\Java\jre1.8.0_66\bin\verify.dll
0x66b80000 - 0x66ba1000 	C:\Program Files (x86)\Java\jre1.8.0_66\bin\java.dll
0x66b60000 - 0x66b73000 	C:\Program Files (x86)\Java\jre1.8.0_66\bin\zip.dll
0x753e0000 - 0x767de000 	C:\WINDOWS\SYSTEM32\SHELL32.dll
0x74720000 - 0x74c1a000 	C:\WINDOWS\SYSTEM32\windows.storage.dll
0x76800000 - 0x76845000 	C:\WINDOWS\SYSTEM32\shlwapi.dll
0x767f0000 - 0x767fc000 	C:\WINDOWS\SYSTEM32\kernel.appcore.dll
0x75220000 - 0x752ad000 	C:\WINDOWS\SYSTEM32\shcore.dll
0x75060000 - 0x750a4000 	C:\WINDOWS\SYSTEM32\powrprof.dll
0x753d0000 - 0x753df000 	C:\WINDOWS\SYSTEM32\profapi.dll
0x66490000 - 0x665d5000 	C:\Program Files (x86)\Java\jre1.8.0_66\bin\awt.dll
0x77220000 - 0x772b2000 	C:\WINDOWS\SYSTEM32\OLEAUT32.dll
0x717a0000 - 0x717bd000 	C:\WINDOWS\system32\DWMAPI.DLL
0x71680000 - 0x716f5000 	C:\WINDOWS\system32\uxtheme.dll
0x77030000 - 0x7714f000 	C:\WINDOWS\SYSTEM32\MSCTF.dll
0x76850000 - 0x7693b000 	C:\WINDOWS\SYSTEM32\ole32.dll
0x6e2d0000 - 0x6e309000 	C:\Program Files (x86)\Java\jre1.8.0_66\bin\fontmanager.dll
0x702c0000 - 0x702c9000 	C:\Users\justin\Desktop\TestGit\wiimote\WiiUseJ.dll
0x15580000 - 0x1559e000 	C:\Users\justin\Desktop\TestGit\wiimote\wiiuse.dll
0x76a30000 - 0x76e3b000 	C:\WINDOWS\SYSTEM32\SETUPAPI.dll
0x6d7f0000 - 0x6d7fa000 	C:\WINDOWS\SYSTEM32\HID.DLL
0x73cc0000 - 0x73ce2000 	C:\WINDOWS\SYSTEM32\DEVOBJ.dll
0x74e00000 - 0x74e42000 	C:\WINDOWS\SYSTEM32\WINTRUST.dll
0x74fd0000 - 0x74fde000 	C:\WINDOWS\SYSTEM32\MSASN1.dll
0x772c0000 - 0x77439000 	C:\WINDOWS\SYSTEM32\CRYPT32.dll
0x6fa50000 - 0x6fb8f000 	C:\WINDOWS\SYSTEM32\dbghelp.dll
0x66b40000 - 0x66b56000 	C:\Program Files (x86)\Java\jre1.8.0_66\bin\net.dll
0x727a0000 - 0x727ef000 	C:\WINDOWS\system32\mswsock.dll
0x66b30000 - 0x66b3f000 	C:\Program Files (x86)\Java\jre1.8.0_66\bin\nio.dll

VM Arguments:
jvm_args: -Dfile.encoding=Cp1252 
java_command: RaceMap
java_class_path (initial): C:\Users\justin\Desktop\TestGit\wiimote\bin;C:\Users\justin\Desktop\wiiusej 0.12b\wiiusej 0.12b\wiiusej.jar
Launcher Type: SUN_STANDARD

Environment Variables:
PATH=C:/Program Files (x86)/Java/jre1.8.0_66/bin/client;C:/Program Files (x86)/Java/jre1.8.0_66/bin;C:/Program Files (x86)/Java/jre1.8.0_66/lib/i386;C:\ProgramData\Oracle\Java\javapath;C:\Program Files (x86)\Intel\TXE Components\TCS\;C:\Program Files\Intel\TXE Components\TCS\;C:\WINDOWS\system32;C:\WINDOWS;C:\WINDOWS\System32\Wbem;C:\WINDOWS\System32\WindowsPowerShell\v1.0\;C:\Program Files (x86)\Skype\Phone\;C:\Users\justin\Desktop\eclipse-java-mars-1-win32\eclipse;
USERNAME=justin
OS=Windows_NT
PROCESSOR_IDENTIFIER=Intel64 Family 6 Model 55 Stepping 8, GenuineIntel



---------------  S Y S T E M  ---------------

OS: Windows 10.0 , 64 bit Build 10586 (10.0.10586.0)

CPU:total 2 (2 cores per cpu, 1 threads per core) family 6 model 55 stepping 8, cmov, cx8, fxsr, mmx, sse, sse2, sse3, ssse3, sse4.1, sse4.2, popcnt, clmul, erms, 3dnowpref, tsc, tscinvbit

Memory: 4k page, physical 4077840k(2323612k free), swap 5110368k(3145820k free)

vm_info: Java HotSpot(TM) Client VM (25.66-b18) for windows-x86 JRE (1.8.0_66-b18), built on Nov  9 2015 10:58:29 by "java_re" with MS VC++ 10.0 (VS2010)

time: Fri Jun 10 09:27:22 2016
elapsed time: 1 seconds (0d 0h 0m 1s)

