#
# A fatal error has been detected by the Java Runtime Environment:
#
#  EXCEPTION_ACCESS_VIOLATION (0xc0000005) at pc=0x14be2420, pid=5224, tid=19824
#
# JRE version: Java(TM) SE Runtime Environment (8.0_66-b18) (build 1.8.0_66-b18)
# Java VM: Java HotSpot(TM) Client VM (25.66-b18 mixed mode, sharing windows-x86 )
# Problematic frame:
# C  [wiiuse.dll+0x2420]
#
# Failed to write core dump. Minidumps are not enabled by default on client versions of Windows
#
# If you would like to submit a bug report, please visit:
#   http://bugreport.java.com/bugreport/crash.jsp
# The crash happened outside the Java Virtual Machine in native code.
# See problematic frame for where to report the bug.
#

---------------  T H R E A D  ---------------

Current thread (0x15273c00):  JavaThread "Thread-2" [_thread_in_native, id=19824, stack(0x161c0000,0x16210000)]

siginfo: ExceptionCode=0xc0000005, reading address 0x00000029

Registers:
EAX=0x00000000, EBX=0x00000000, ECX=0x0032d000, EDX=0x00000000
ESP=0x1620f418, EBP=0x162a0850, ESI=0x00000001, EDI=0x00000000
EIP=0x14be2420, EFLAGS=0x00010246

Top of Stack: (sp=0x1620f418)
0x1620f418:   14be2a17 14683848 15273d40 1620f508
0x1620f428:   66f126b8 702c19c3 162a0850 00000001
0x1620f438:   00000000 00000000 00000000 0218eef8
0x1620f448:   0218ef48 00000001 15273c00 1620f488
0x1620f458:   66bc6cf3 15273c00 d828a88e 15273c00
0x1620f468:   15273c00 1525fd38 1620f460 1620f464
0x1620f478:   1620f67c 66e7b40e a8e7819e fffffffe
0x1620f488:   1620f498 66bc6d64 15273c00 1620f610 

Instructions: (pc=0x14be2420)
0x14be2400:   c0 01 00 00 33 d2 66 3b 81 5c 01 00 00 5e 0f 95
0x14be2410:   c2 8b c2 83 c4 0c c3 cc cc cc cc cc cc cc cc cc
0x14be2420:   f6 46 28 20 74 28 f6 46 34 01 74 22 53 57 6a 01
0x14be2430:   8d be b4 00 00 00 8d 5e 40 57 53 e8 50 f0 ff ff 


Register to memory mapping:

EAX=0x00000000 is an unknown value
EBX=0x00000000 is an unknown value
ECX=0x0032d000 is an unknown value
EDX=0x00000000 is an unknown value
ESP=0x1620f418 is pointing into the stack for thread: 0x15273c00
EBP=0x162a0850 is an unknown value
ESI=0x00000001 is an unknown value
EDI=0x00000000 is an unknown value


Stack: [0x161c0000,0x16210000],  sp=0x1620f418,  free space=317k
Native frames: (J=compiled Java code, j=interpreted, Vv=VM code, C=native code)
C  [wiiuse.dll+0x2420]

Java frames: (J=compiled Java code, j=interpreted, Vv=VM code)
j  wiiusej.WiiUseApi.specialPoll(Lwiiusej/wiiusejevents/utils/EventsGatherer;)V+0
j  wiiusej.WiiUseApiManager.run()V+53
v  ~StubRoutines::call_stub

---------------  P R O C E S S  ---------------

Java Threads: ( => current thread )
  0x15286400 JavaThread "TimerQueue" daemon [_thread_blocked, id=28068, stack(0x16250000,0x162a0000)]
=>0x15273c00 JavaThread "Thread-2" [_thread_in_native, id=19824, stack(0x161c0000,0x16210000)]
  0x15248400 JavaThread "AWT-EventQueue-0" [_thread_in_native, id=25480, stack(0x15730000,0x15780000)]
  0x1522dc00 JavaThread "AWT-Windows" daemon [_thread_in_native, id=29020, stack(0x15620000,0x15670000)]
  0x1522d400 JavaThread "AWT-Shutdown" [_thread_blocked, id=27720, stack(0x15540000,0x15590000)]
  0x15226c00 JavaThread "Java2D Disposer" daemon [_thread_blocked, id=28676, stack(0x154b0000,0x15500000)]
  0x021f0c00 JavaThread "Service Thread" daemon [_thread_blocked, id=29024, stack(0x14ac0000,0x14b10000)]
  0x021c8800 JavaThread "C1 CompilerThread0" daemon [_thread_blocked, id=27076, stack(0x14a30000,0x14a80000)]
  0x021c7400 JavaThread "Attach Listener" daemon [_thread_blocked, id=7348, stack(0x149a0000,0x149f0000)]
  0x021c5400 JavaThread "Signal Dispatcher" daemon [_thread_blocked, id=19820, stack(0x043b0000,0x04400000)]
  0x021bb000 JavaThread "Finalizer" daemon [_thread_blocked, id=19304, stack(0x04320000,0x04370000)]
  0x021b6000 JavaThread "Reference Handler" daemon [_thread_blocked, id=29012, stack(0x00b90000,0x00be0000)]
  0x0218b800 JavaThread "main" [_thread_in_native, id=29032, stack(0x00920000,0x00970000)]

Other Threads:
  0x021b2400 VMThread [stack: 0x009b0000,0x00a00000] [id=7736]
  0x021fec00 WatcherThread [stack: 0x14b50000,0x14ba0000] [id=28952]

VM state:not at safepoint (normal execution)

VM Mutex/Monitor currently owned by a thread: None

Heap:
 def new generation   total 7808K, used 768K [0x04400000, 0x04c70000, 0x09950000)
  eden space 6976K,  11% used [0x04400000, 0x044c0058, 0x04ad0000)
  from space 832K,   0% used [0x04ad0000, 0x04ad0000, 0x04ba0000)
  to   space 832K,   0% used [0x04ba0000, 0x04ba0000, 0x04c70000)
 tenured generation   total 17184K, used 10309K [0x09950000, 0x0aa18000, 0x14400000)
   the space 17184K,  59% used [0x09950000, 0x0a361728, 0x0a361800, 0x0aa18000)
 Metaspace       used 658K, capacity 2624K, committed 2624K, reserved 4480K

Card table byte_map: [0x04290000,0x04320000] byte_map_base: 0x0426e000

Polling page: 0x00aa0000

CodeCache: size=32768Kb used=877Kb max_used=877Kb free=31890Kb
 bounds [0x02290000, 0x02370000, 0x04290000]
 total_blobs=392 nmethods=176 adapters=147
 compilation: enabled

Compilation events (10 events):
Event: 0.971 Thread 0x021c8800  166  s          sun.java2d.loops.GraphicsPrimitiveMgr::locatePrim (96 bytes)
Event: 0.972 Thread 0x021c8800 nmethod 166 0x02368d88 code [0x02368ec0, 0x0236936c]
Event: 1.025 Thread 0x021c8800  167             java.util.HashMap::get (23 bytes)
Event: 1.025 Thread 0x021c8800 nmethod 167 0x02369788 code [0x023698a0, 0x023699a8]
Event: 1.025 Thread 0x021c8800  168             java.util.HashMap$HashIterator::hasNext (13 bytes)
Event: 1.025 Thread 0x021c8800 nmethod 168 0x02369a88 code [0x02369b80, 0x02369c10]
Event: 1.038 Thread 0x021c8800  169             java.nio.HeapByteBuffer::_get (7 bytes)
Event: 1.039 Thread 0x021c8800 nmethod 169 0x0236a148 code [0x0236a240, 0x0236a2e0]
Event: 1.039 Thread 0x021c8800  170             java.nio.Buffer::nextGetIndex (31 bytes)
Event: 1.039 Thread 0x021c8800 nmethod 170 0x0236a388 code [0x0236a490, 0x0236a56c]

GC Heap History (8 events):
Event: 0.442 GC heap before
{Heap before GC invocations=0 (full 0):
 def new generation   total 4928K, used 3596K [0x04400000, 0x04950000, 0x09950000)
  eden space 4416K,  81% used [0x04400000, 0x04783240, 0x04850000)
  from space 512K,   0% used [0x04850000, 0x04850000, 0x048d0000)
  to   space 512K,   0% used [0x048d0000, 0x048d0000, 0x04950000)
 tenured generation   total 10944K, used 0K [0x09950000, 0x0a400000, 0x14400000)
   the space 10944K,   0% used [0x09950000, 0x09950000, 0x09950200, 0x0a400000)
 Metaspace       used 345K, capacity 2592K, committed 2624K, reserved 4480K
Event: 0.452 GC heap after
Heap after GC invocations=1 (full 0):
 def new generation   total 4928K, used 512K [0x04400000, 0x04950000, 0x09950000)
  eden space 4416K,   0% used [0x04400000, 0x04400000, 0x04850000)
  from space 512K, 100% used [0x048d0000, 0x04950000, 0x04950000)
  to   space 512K,   0% used [0x04850000, 0x04850000, 0x048d0000)
 tenured generation   total 10944K, used 625K [0x09950000, 0x0a400000, 0x14400000)
   the space 10944K,   5% used [0x09950000, 0x099ec440, 0x099ec600, 0x0a400000)
 Metaspace       used 345K, capacity 2592K, committed 2624K, reserved 4480K
}
Event: 0.722 GC heap before
{Heap before GC invocations=1 (full 0):
 def new generation   total 4928K, used 4928K [0x04400000, 0x04950000, 0x09950000)
  eden space 4416K, 100% used [0x04400000, 0x04850000, 0x04850000)
  from space 512K, 100% used [0x048d0000, 0x04950000, 0x04950000)
  to   space 512K,   0% used [0x04850000, 0x04850000, 0x048d0000)
 tenured generation   total 10944K, used 6658K [0x09950000, 0x0a400000, 0x14400000)
   the space 10944K,  60% used [0x09950000, 0x09fd0aa8, 0x09fd0c00, 0x0a400000)
 Metaspace       used 650K, capacity 2624K, committed 2624K, reserved 4480K
Event: 0.729 GC heap after
Heap after GC invocations=2 (full 0):
 def new generation   total 4928K, used 120K [0x04400000, 0x04950000, 0x09950000)
  eden space 4416K,   0% used [0x04400000, 0x04400000, 0x04850000)
  from space 512K,  23% used [0x04850000, 0x0486e158, 0x048d0000)
  to   space 512K,   0% used [0x048d0000, 0x048d0000, 0x04950000)
 tenured generation   total 10944K, used 10039K [0x09950000, 0x0a400000, 0x14400000)
   the space 10944K,  91% used [0x09950000, 0x0a31dc90, 0x0a31de00, 0x0a400000)
 Metaspace       used 650K, capacity 2624K, committed 2624K, reserved 4480K
}
Event: 0.902 GC heap before
{Heap before GC invocations=2 (full 0):
 def new generation   total 4928K, used 4533K [0x04400000, 0x04950000, 0x09950000)
  eden space 4416K,  99% used [0x04400000, 0x0484f2b0, 0x04850000)
  from space 512K,  23% used [0x04850000, 0x0486e158, 0x048d0000)
  to   space 512K,   0% used [0x048d0000, 0x048d0000, 0x04950000)
 tenured generation   total 10944K, used 10039K [0x09950000, 0x0a400000, 0x14400000)
   the space 10944K,  91% used [0x09950000, 0x0a31dc90, 0x0a31de00, 0x0a400000)
 Metaspace       used 650K, capacity 2624K, committed 2624K, reserved 4480K
Event: 0.903 GC heap after
Heap after GC invocations=3 (full 0):
 def new generation   total 4928K, used 95K [0x04400000, 0x04950000, 0x09950000)
  eden space 4416K,   0% used [0x04400000, 0x04400000, 0x04850000)
  from space 512K,  18% used [0x048d0000, 0x048e7f68, 0x04950000)
  to   space 512K,   0% used [0x04850000, 0x04850000, 0x048d0000)
 tenured generation   total 10944K, used 10039K [0x09950000, 0x0a400000, 0x14400000)
   the space 10944K,  91% used [0x09950000, 0x0a31dc90, 0x0a31de00, 0x0a400000)
 Metaspace       used 650K, capacity 2624K, committed 2624K, reserved 4480K
}
Event: 0.992 GC heap before
{Heap before GC invocations=3 (full 0):
 def new generation   total 4928K, used 4511K [0x04400000, 0x04950000, 0x09950000)
  eden space 4416K, 100% used [0x04400000, 0x04850000, 0x04850000)
  from space 512K,  18% used [0x048d0000, 0x048e7f68, 0x04950000)
  to   space 512K,   0% used [0x04850000, 0x04850000, 0x048d0000)
 tenured generation   total 10944K, used 10039K [0x09950000, 0x0a400000, 0x14400000)
   the space 10944K,  91% used [0x09950000, 0x0a31dc90, 0x0a31de00, 0x0a400000)
 Metaspace       used 653K, capacity 2624K, committed 2624K, reserved 4480K
Event: 1.009 GC heap after
Heap after GC invocations=4 (full 1):
 def new generation   total 7808K, used 0K [0x04400000, 0x04c70000, 0x09950000)
  eden space 6976K,   0% used [0x04400000, 0x04400000, 0x04ad0000)
  from space 832K,   0% used [0x04ad0000, 0x04ad0000, 0x04ba0000)
  to   space 832K,   0% used [0x04ba0000, 0x04ba0000, 0x04c70000)
 tenured generation   total 17184K, used 10309K [0x09950000, 0x0aa18000, 0x14400000)
   the space 17184K,  59% used [0x09950000, 0x0a361728, 0x0a361800, 0x0aa18000)
 Metaspace       used 653K, capacity 2624K, committed 2624K, reserved 4480K
}

Deoptimization events (0 events):
No events

Internal exceptions (10 events):
Event: 0.042 Thread 0x0218b800 Exception <a 'java/lang/NoSuchMethodError': Method sun.misc.Unsafe.defineClass(Ljava/lang/String;[BII)Ljava/lang/Class; name or signature does not match> (0x0440c3a8) thrown at [C:\re\workspace\8-2-build-windows-i586-cygwin\jdk8u66\5298\hotspot\src\share\vÀ}ÂpiT¥?
Event: 0.042 Thread 0x0218b800 Exception <a 'java/lang/NoSuchMethodError': Method sun.misc.Unsafe.prefetchRead(Ljava/lang/Object;J)V name or signature does not match> (0x0440c678) thrown at [C:\re\workspace\8-2-build-windows-i586-cygwin\jdk8u66\5298\hotspot\src\share\vm\prims\jni.cpp, l6é¿¶ž2Å?
Event: 0.166 Thread 0x0218b800 Exception <a 'java/security/PrivilegedActionException'> (0x044eae18) thrown at [C:\re\workspace\8-2-build-windows-i586-cygwin\jdk8u66\5298\hotspot\src\share\vm\prims\jvm.cpp, line 1386]
Event: 0.166 Thread 0x0218b800 Exception <a 'java/security/PrivilegedActionException'> (0x044eb018) thrown at [C:\re\workspace\8-2-build-windows-i586-cygwin\jdk8u66\5298\hotspot\src\share\vm\prims\jvm.cpp, line 1386]
Event: 0.167 Thread 0x0218b800 Exception <a 'java/security/PrivilegedActionException'> (0x044eedd8) thrown at [C:\re\workspace\8-2-build-windows-i586-cygwin\jdk8u66\5298\hotspot\src\share\vm\prims\jvm.cpp, line 1386]
Event: 0.167 Thread 0x0218b800 Exception <a 'java/security/PrivilegedActionException'> (0x044eefd8) thrown at [C:\re\workspace\8-2-build-windows-i586-cygwin\jdk8u66\5298\hotspot\src\share\vm\prims\jvm.cpp, line 1386]
Event: 0.179 Thread 0x0218b800 Exception <a 'java/io/FileNotFoundException'> (0x044f54c0) thrown at [C:\re\workspace\8-2-build-windows-i586-cygwin\jdk8u66\5298\hotspot\src\share\vm\prims\jni.cpp, line 709]
Event: 0.236 Thread 0x0218b800 Exception <a 'java/lang/NoSuchFieldError': method resolution failed> (0x045c6708) thrown at [C:\re\workspace\8-2-build-windows-i586-cygwin\jdk8u66\5298\hotspot\src\share\vm\prims\methodHandles.cpp, line 1146]
Event: 0.239 Thread 0x0218b800 Exception <a 'java/lang/NoSuchFieldError': method resolution failed> (0x045d28a8) thrown at [C:\re\workspace\8-2-build-windows-i586-cygwin\jdk8u66\5298\hotspot\src\share\vm\prims\methodHandles.cpp, line 1146]
Event: 0.290 Thread 0x0218b800 Exception <a 'java/io/FileNotFoundException'> (0x04659250) thrown at [C:\re\workspace\8-2-build-windows-i586-cygwin\jdk8u66\5298\hotspot\src\share\vm\prims\jni.cpp, line 709]

Events (10 events):
Event: 0.729 Executing VM operation: GenCollectForAllocation done
Event: 0.902 Executing VM operation: GenCollectForAllocation
Event: 0.904 Executing VM operation: GenCollectForAllocation done
Event: 0.960 Thread 0x15286400 Thread added: 0x15286400
Event: 0.992 Executing VM operation: GenCollectForAllocation
Event: 1.009 Executing VM operation: GenCollectForAllocation done
Event: 1.011 loading class javax/swing/Timer$1
Event: 1.011 loading class javax/swing/Timer$1 done
Event: 1.036 Executing VM operation: Deoptimize
Event: 1.036 Executing VM operation: Deoptimize done


Dynamic libraries:
0x001a0000 - 0x001d3000 	C:\Program Files (x86)\Java\jre1.8.0_66\bin\javaw.exe
0x778d0000 - 0x77a4b000 	C:\WINDOWS\SYSTEM32\ntdll.dll
0x774f0000 - 0x775d0000 	C:\WINDOWS\SYSTEM32\KERNEL32.DLL
0x74e50000 - 0x74fce000 	C:\WINDOWS\SYSTEM32\KERNELBASE.dll
0x702d0000 - 0x70362000 	C:\WINDOWS\system32\apphelp.dll
0x74fe0000 - 0x7505b000 	C:\WINDOWS\SYSTEM32\ADVAPI32.dll
0x76f70000 - 0x7702e000 	C:\WINDOWS\SYSTEM32\msvcrt.dll
0x77440000 - 0x77484000 	C:\WINDOWS\SYSTEM32\sechost.dll
0x76940000 - 0x769ed000 	C:\WINDOWS\SYSTEM32\RPCRT4.dll
0x74600000 - 0x7461e000 	C:\WINDOWS\SYSTEM32\SspiCli.dll
0x745f0000 - 0x745fa000 	C:\WINDOWS\SYSTEM32\CRYPTBASE.dll
0x75310000 - 0x75368000 	C:\WINDOWS\SYSTEM32\bcryptPrimitives.dll
0x77780000 - 0x778c7000 	C:\WINDOWS\SYSTEM32\USER32.dll
0x775d0000 - 0x7771f000 	C:\WINDOWS\SYSTEM32\GDI32.dll
0x6ff20000 - 0x7012f000 	C:\WINDOWS\WinSxS\x86_microsoft.windows.common-controls_6595b64144ccf1df_6.0.10586.0_none_d3c2e4e965da4528\COMCTL32.dll
0x74c40000 - 0x74dfd000 	C:\WINDOWS\SYSTEM32\combase.dll
0x769f0000 - 0x76a1b000 	C:\WINDOWS\SYSTEM32\IMM32.DLL
0x665e0000 - 0x6669f000 	C:\Program Files (x86)\Java\jre1.8.0_66\bin\msvcr100.dll
0x66bc0000 - 0x66f85000 	C:\Program Files (x86)\Java\jre1.8.0_66\bin\client\jvm.dll
0x76e40000 - 0x76e46000 	C:\WINDOWS\SYSTEM32\PSAPI.DLL
0x74250000 - 0x74258000 	C:\WINDOWS\SYSTEM32\WSOCK32.dll
0x6f6d0000 - 0x6f6f4000 	C:\WINDOWS\SYSTEM32\WINMM.dll
0x75370000 - 0x753cf000 	C:\WINDOWS\SYSTEM32\WS2_32.dll
0x74160000 - 0x74168000 	C:\WINDOWS\SYSTEM32\VERSION.dll
0x6f1e0000 - 0x6f203000 	C:\WINDOWS\SYSTEM32\WINMMBASE.dll
0x77150000 - 0x77187000 	C:\WINDOWS\SYSTEM32\cfgmgr32.dll
0x66bb0000 - 0x66bbc000 	C:\Program Files (x86)\Java\jre1.8.0_66\bin\verify.dll
0x66b80000 - 0x66ba1000 	C:\Program Files (x86)\Java\jre1.8.0_66\bin\java.dll
0x66b60000 - 0x66b73000 	C:\Program Files (x86)\Java\jre1.8.0_66\bin\zip.dll
0x753e0000 - 0x767de000 	C:\WINDOWS\SYSTEM32\SHELL32.dll
0x74720000 - 0x74c1a000 	C:\WINDOWS\SYSTEM32\windows.storage.dll
0x76800000 - 0x76845000 	C:\WINDOWS\SYSTEM32\shlwapi.dll
0x767f0000 - 0x767fc000 	C:\WINDOWS\SYSTEM32\kernel.appcore.dll
0x75220000 - 0x752ad000 	C:\WINDOWS\SYSTEM32\shcore.dll
0x75060000 - 0x750a4000 	C:\WINDOWS\SYSTEM32\powrprof.dll
0x753d0000 - 0x753df000 	C:\WINDOWS\SYSTEM32\profapi.dll
0x66490000 - 0x665d5000 	C:\Program Files (x86)\Java\jre1.8.0_66\bin\awt.dll
0x77220000 - 0x772b2000 	C:\WINDOWS\SYSTEM32\OLEAUT32.dll
0x717a0000 - 0x717bd000 	C:\WINDOWS\system32\DWMAPI.DLL
0x71680000 - 0x716f5000 	C:\WINDOWS\system32\uxtheme.dll
0x77030000 - 0x7714f000 	C:\WINDOWS\SYSTEM32\MSCTF.dll
0x76850000 - 0x7693b000 	C:\WINDOWS\SYSTEM32\ole32.dll
0x6e2d0000 - 0x6e309000 	C:\Program Files (x86)\Java\jre1.8.0_66\bin\fontmanager.dll
0x702c0000 - 0x702c9000 	C:\Users\justin\Desktop\TestGit\wiimote\WiiUseJ.dll
0x14be0000 - 0x14bfe000 	C:\Users\justin\Desktop\TestGit\wiimote\wiiuse.dll
0x76a30000 - 0x76e3b000 	C:\WINDOWS\SYSTEM32\SETUPAPI.dll
0x6d7f0000 - 0x6d7fa000 	C:\WINDOWS\SYSTEM32\HID.DLL
0x73cc0000 - 0x73ce2000 	C:\WINDOWS\SYSTEM32\DEVOBJ.dll
0x74e00000 - 0x74e42000 	C:\WINDOWS\SYSTEM32\WINTRUST.dll
0x74fd0000 - 0x74fde000 	C:\WINDOWS\SYSTEM32\MSASN1.dll
0x772c0000 - 0x77439000 	C:\WINDOWS\SYSTEM32\CRYPT32.dll
0x66b40000 - 0x66b56000 	C:\Program Files (x86)\Java\jre1.8.0_66\bin\net.dll
0x727a0000 - 0x727ef000 	C:\WINDOWS\system32\mswsock.dll
0x66b30000 - 0x66b3f000 	C:\Program Files (x86)\Java\jre1.8.0_66\bin\nio.dll
0x6fa50000 - 0x6fb8f000 	C:\WINDOWS\SYSTEM32\dbghelp.dll

VM Arguments:
jvm_args: -Dfile.encoding=Cp1252 
java_command: RaceMap
java_class_path (initial): C:\Users\justin\Desktop\TestGit\wiimote\bin;C:\Users\justin\Desktop\wiiusej 0.12b\wiiusej 0.12b\wiiusej.jar
Launcher Type: SUN_STANDARD

Environment Variables:
PATH=C:/Program Files (x86)/Java/jre1.8.0_66/bin/client;C:/Program Files (x86)/Java/jre1.8.0_66/bin;C:/Program Files (x86)/Java/jre1.8.0_66/lib/i386;C:\ProgramData\Oracle\Java\javapath;C:\Program Files (x86)\Intel\TXE Components\TCS\;C:\Program Files\Intel\TXE Components\TCS\;C:\WINDOWS\system32;C:\WINDOWS;C:\WINDOWS\System32\Wbem;C:\WINDOWS\System32\WindowsPowerShell\v1.0\;C:\Program Files (x86)\Skype\Phone\;C:\Users\justin\Desktop\eclipse-java-mars-1-win32\eclipse;
USERNAME=justin
OS=Windows_NT
PROCESSOR_IDENTIFIER=Intel64 Family 6 Model 55 Stepping 8, GenuineIntel



---------------  S Y S T E M  ---------------

OS: Windows 10.0 , 64 bit Build 10586 (10.0.10586.0)

CPU:total 2 (2 cores per cpu, 1 threads per core) family 6 model 55 stepping 8, cmov, cx8, fxsr, mmx, sse, sse2, sse3, ssse3, sse4.1, sse4.2, popcnt, clmul, erms, 3dnowpref, tsc, tscinvbit

Memory: 4k page, physical 4077840k(2327416k free), swap 5110368k(3148132k free)

vm_info: Java HotSpot(TM) Client VM (25.66-b18) for windows-x86 JRE (1.8.0_66-b18), built on Nov  9 2015 10:58:29 by "java_re" with MS VC++ 10.0 (VS2010)

time: Fri Jun 10 09:27:27 2016
elapsed time: 1 seconds (0d 0h 0m 1s)

