#
# A fatal error has been detected by the Java Runtime Environment:
#
#  EXCEPTION_ACCESS_VIOLATION (0xc0000005) at pc=0x00ab2420, pid=1264, tid=4108
#
# JRE version: Java(TM) SE Runtime Environment (8.0_66-b18) (build 1.8.0_66-b18)
# Java VM: Java HotSpot(TM) Client VM (25.66-b18 mixed mode, sharing windows-x86 )
# Problematic frame:
# C  [wiiuse.dll+0x2420]
#
# Failed to write core dump. Minidumps are not enabled by default on client versions of Windows
#
# If you would like to submit a bug report, please visit:
#   http://bugreport.java.com/bugreport/crash.jsp
# The crash happened outside the Java Virtual Machine in native code.
# See problematic frame for where to report the bug.
#

---------------  T H R E A D  ---------------

Current thread (0x15233000):  JavaThread "Thread-0" [_thread_in_native, id=4108, stack(0x151b0000,0x15200000)]

siginfo: ExceptionCode=0xc0000005, reading address 0x000018e0

Registers:
EAX=0x00000000, EBX=0x00000000, ECX=0x00396000, EDX=0x00000000
ESP=0x151ff8e8, EBP=0x152207c8, ESI=0x000018b8, EDI=0x00000000
EIP=0x00ab2420, EFLAGS=0x00010246

Top of Stack: (sp=0x151ff8e8)
0x151ff8e8:   00ab2a17 14834530 15233140 151ff9d8
0x151ff8f8:   66fa26b8 702c19c3 152207c8 00000001
0x151ff908:   00000000 00000000 00000000 00d91390
0x151ff918:   00d917e8 00000001 15233000 151ff958
0x151ff928:   66c56cf3 15233000 2a455d70 15233000
0x151ff938:   15233000 15232750 151ff930 151ff934
0x151ff948:   151ffb4c 66f0b40e 59a279b0 fffffffe
0x151ff958:   151ff968 66c56d64 15233000 151ffae0 

Instructions: (pc=0x00ab2420)
0x00ab2400:   c0 01 00 00 33 d2 66 3b 81 5c 01 00 00 5e 0f 95
0x00ab2410:   c2 8b c2 83 c4 0c c3 cc cc cc cc cc cc cc cc cc
0x00ab2420:   f6 46 28 20 74 28 f6 46 34 01 74 22 53 57 6a 01
0x00ab2430:   8d be b4 00 00 00 8d 5e 40 57 53 e8 50 f0 ff ff 


Register to memory mapping:

EAX=0x00000000 is an unknown value
EBX=0x00000000 is an unknown value
ECX=0x00396000 is an unknown value
EDX=0x00000000 is an unknown value
ESP=0x151ff8e8 is pointing into the stack for thread: 0x15233000
EBP=0x152207c8 is an unknown value
ESI=0x000018b8 is an unknown value
EDI=0x00000000 is an unknown value


Stack: [0x151b0000,0x15200000],  sp=0x151ff8e8,  free space=318k
Native frames: (J=compiled Java code, j=interpreted, Vv=VM code, C=native code)
C  [wiiuse.dll+0x2420]

Java frames: (J=compiled Java code, j=interpreted, Vv=VM code)
j  wiiusej.WiiUseApi.specialPoll(Lwiiusej/wiiusejevents/utils/EventsGatherer;)V+0
j  wiiusej.WiiUseApiManager.run()V+53
v  ~StubRoutines::call_stub

---------------  P R O C E S S  ---------------

Java Threads: ( => current thread )
  0x1542cc00 JavaThread "Thread-1" daemon [_thread_in_native, id=6328, stack(0x16f30000,0x16f80000)]
  0x15427400 JavaThread "Image Fetcher 1" daemon [_thread_blocked, id=13544, stack(0x16ea0000,0x16ef0000)]
  0x1538fc00 JavaThread "Image Fetcher 0" daemon [_thread_blocked, id=14756, stack(0x16a10000,0x16a60000)]
  0x00adbc00 JavaThread "DestroyJavaVM" [_thread_blocked, id=944, stack(0x00890000,0x008e0000)]
  0x15330800 JavaThread "AWT-EventQueue-0" [_thread_blocked, id=15228, stack(0x161c0000,0x16210000)]
  0x152b1800 JavaThread "AWT-Windows" daemon [_thread_in_native, id=5592, stack(0x156d0000,0x15720000)]
  0x152a1c00 JavaThread "AWT-Shutdown" [_thread_blocked, id=13320, stack(0x15640000,0x15690000)]
  0x152ad000 JavaThread "Java2D Disposer" daemon [_thread_blocked, id=12488, stack(0x15570000,0x155c0000)]
=>0x15233000 JavaThread "Thread-0" [_thread_in_native, id=4108, stack(0x151b0000,0x15200000)]
  0x00def000 JavaThread "Service Thread" daemon [_thread_blocked, id=10380, stack(0x14ab0000,0x14b00000)]
  0x00dc8000 JavaThread "C1 CompilerThread0" daemon [_thread_blocked, id=8508, stack(0x14a60000,0x14ab0000)]
  0x00dc7400 JavaThread "Attach Listener" daemon [_thread_blocked, id=13428, stack(0x04530000,0x04580000)]
  0x00dc5000 JavaThread "Signal Dispatcher" daemon [_thread_blocked, id=10796, stack(0x01030000,0x01080000)]
  0x00dbac00 JavaThread "Finalizer" daemon [_thread_blocked, id=4604, stack(0x00d30000,0x00d80000)]
  0x00db5800 JavaThread "Reference Handler" daemon [_thread_blocked, id=8500, stack(0x009b0000,0x00a00000)]

Other Threads:
  0x00db2000 VMThread [stack: 0x00920000,0x00970000] [id=5700]
  0x00dfd000 WatcherThread [stack: 0x14b40000,0x14b90000] [id=4876]

VM state:not at safepoint (normal execution)

VM Mutex/Monitor currently owned by a thread: None

Heap:
 def new generation   total 4928K, used 993K [0x04600000, 0x04b50000, 0x09b50000)
  eden space 4416K,  10% used [0x04600000, 0x04678598, 0x04a50000)
  from space 512K, 100% used [0x04a50000, 0x04ad0000, 0x04ad0000)
  to   space 512K,   0% used [0x04ad0000, 0x04ad0000, 0x04b50000)
 tenured generation   total 10944K, used 4234K [0x09b50000, 0x0a600000, 0x14600000)
   the space 10944K,  38% used [0x09b50000, 0x09f72810, 0x09f72a00, 0x0a600000)
 Metaspace       used 805K, capacity 2744K, committed 2752K, reserved 4480K

Card table byte_map: [0x00ca0000,0x00d30000] byte_map_base: 0x00c7d000

Polling page: 0x00a70000

CodeCache: size=32768Kb used=1019Kb max_used=1019Kb free=31748Kb
 bounds [0x024f0000, 0x025f0000, 0x044f0000]
 total_blobs=453 nmethods=223 adapters=161
 compilation: enabled

Compilation events (10 events):
Event: 1.608 Thread 0x00dc8000  219             sun.awt.image.PNGImageDecoder::filterRow (459 bytes)
Event: 1.610 Thread 0x00dc8000 nmethod 219 0x025ebac8 code [0x025ebc50, 0x025ec32c]
Event: 1.610 Thread 0x00dc8000  220   !         sun.awt.image.ImageDecoder::nextConsumer (69 bytes)
Event: 1.610 Thread 0x00dc8000 nmethod 220 0x025ed0c8 code [0x025ed1d0, 0x025ed4b0]
Event: 1.610 Thread 0x00dc8000  221             sun.awt.image.ImageDecoder::setPixels (58 bytes)
Event: 1.612 Thread 0x00dc8000 nmethod 221 0x025ed608 code [0x025ed730, 0x025eda44]
Event: 1.612 Thread 0x00dc8000  222             sun.awt.image.IntegerInterleavedRaster::setDataElements (137 bytes)
Event: 1.613 Thread 0x00dc8000 nmethod 222 0x025edd08 code [0x025ede30, 0x025ee0b8]
Event: 1.614 Thread 0x00dc8000  223   !         sun.awt.image.ImageRepresentation::getOpaqueRGBImage (164 bytes)
Event: 1.616 Thread 0x00dc8000 nmethod 223 0x025ee308 code [0x025ee460, 0x025ee830]

GC Heap History (4 events):
Event: 1.216 GC heap before
{Heap before GC invocations=0 (full 0):
 def new generation   total 4928K, used 4416K [0x04600000, 0x04b50000, 0x09b50000)
  eden space 4416K, 100% used [0x04600000, 0x04a50000, 0x04a50000)
  from space 512K,   0% used [0x04a50000, 0x04a50000, 0x04ad0000)
  to   space 512K,   0% used [0x04ad0000, 0x04ad0000, 0x04b50000)
 tenured generation   total 10944K, used 0K [0x09b50000, 0x0a600000, 0x14600000)
   the space 10944K,   0% used [0x09b50000, 0x09b50000, 0x09b50200, 0x0a600000)
 Metaspace       used 622K, capacity 2707K, committed 2752K, reserved 4480K
Event: 1.226 GC heap after
Heap after GC invocations=1 (full 0):
 def new generation   total 4928K, used 512K [0x04600000, 0x04b50000, 0x09b50000)
  eden space 4416K,   0% used [0x04600000, 0x04600000, 0x04a50000)
  from space 512K, 100% used [0x04ad0000, 0x04b50000, 0x04b50000)
  to   space 512K,   0% used [0x04a50000, 0x04a50000, 0x04ad0000)
 tenured generation   total 10944K, used 969K [0x09b50000, 0x0a600000, 0x14600000)
   the space 10944K,   8% used [0x09b50000, 0x09c42558, 0x09c42600, 0x0a600000)
 Metaspace       used 622K, capacity 2707K, committed 2752K, reserved 4480K
}
Event: 1.589 GC heap before
{Heap before GC invocations=1 (full 0):
 def new generation   total 4928K, used 4928K [0x04600000, 0x04b50000, 0x09b50000)
  eden space 4416K, 100% used [0x04600000, 0x04a50000, 0x04a50000)
  from space 512K, 100% used [0x04ad0000, 0x04b50000, 0x04b50000)
  to   space 512K,   0% used [0x04a50000, 0x04a50000, 0x04ad0000)
 tenured generation   total 10944K, used 969K [0x09b50000, 0x0a600000, 0x14600000)
   the space 10944K,   8% used [0x09b50000, 0x09c42558, 0x09c42600, 0x0a600000)
 Metaspace       used 804K, capacity 2744K, committed 2752K, reserved 4480K
Event: 1.601 GC heap after
Heap after GC invocations=2 (full 0):
 def new generation   total 4928K, used 512K [0x04600000, 0x04b50000, 0x09b50000)
  eden space 4416K,   0% used [0x04600000, 0x04600000, 0x04a50000)
  from space 512K, 100% used [0x04a50000, 0x04ad0000, 0x04ad0000)
  to   space 512K,   0% used [0x04ad0000, 0x04ad0000, 0x04b50000)
 tenured generation   total 10944K, used 4234K [0x09b50000, 0x0a600000, 0x14600000)
   the space 10944K,  38% used [0x09b50000, 0x09f72810, 0x09f72a00, 0x0a600000)
 Metaspace       used 804K, capacity 2744K, committed 2752K, reserved 4480K
}

Deoptimization events (0 events):
No events

Internal exceptions (10 events):
Event: 0.064 Thread 0x00adbc00 Exception <a 'java/lang/NoSuchMethodError': Method sun.misc.Unsafe.defineClass(Ljava/lang/String;[BII)Ljava/lang/Class; name or signature does not match> (0x0460c558) thrown at [C:\re\workspace\8-2-build-windows-i586-cygwin\jdk8u66\5298\hotspot\src\share\vfGõü<m∞?
Event: 0.064 Thread 0x00adbc00 Exception <a 'java/lang/NoSuchMethodError': Method sun.misc.Unsafe.prefetchRead(Ljava/lang/Object;J)V name or signature does not match> (0x0460c828) thrown at [C:\re\workspace\8-2-build-windows-i586-cygwin\jdk8u66\5298\hotspot\src\share\vm\prims\jni.cpp, l?+ùümÏ?
Event: 0.888 Thread 0x00adbc00 Exception <a 'java/security/PrivilegedActionException'> (0x0475a830) thrown at [C:\re\workspace\8-2-build-windows-i586-cygwin\jdk8u66\5298\hotspot\src\share\vm\prims\jvm.cpp, line 1386]
Event: 0.888 Thread 0x00adbc00 Exception <a 'java/security/PrivilegedActionException'> (0x0475aa30) thrown at [C:\re\workspace\8-2-build-windows-i586-cygwin\jdk8u66\5298\hotspot\src\share\vm\prims\jvm.cpp, line 1386]
Event: 0.890 Thread 0x00adbc00 Exception <a 'java/security/PrivilegedActionException'> (0x0475e7f0) thrown at [C:\re\workspace\8-2-build-windows-i586-cygwin\jdk8u66\5298\hotspot\src\share\vm\prims\jvm.cpp, line 1386]
Event: 0.890 Thread 0x00adbc00 Exception <a 'java/security/PrivilegedActionException'> (0x0475e9f0) thrown at [C:\re\workspace\8-2-build-windows-i586-cygwin\jdk8u66\5298\hotspot\src\share\vm\prims\jvm.cpp, line 1386]
Event: 0.902 Thread 0x00adbc00 Exception <a 'java/io/FileNotFoundException'> (0x04764ed8) thrown at [C:\re\workspace\8-2-build-windows-i586-cygwin\jdk8u66\5298\hotspot\src\share\vm\prims\jni.cpp, line 709]
Event: 0.958 Thread 0x00adbc00 Exception <a 'java/lang/NoSuchFieldError': method resolution failed> (0x0481fab0) thrown at [C:\re\workspace\8-2-build-windows-i586-cygwin\jdk8u66\5298\hotspot\src\share\vm\prims\methodHandles.cpp, line 1146]
Event: 0.961 Thread 0x00adbc00 Exception <a 'java/lang/NoSuchFieldError': method resolution failed> (0x0482bc50) thrown at [C:\re\workspace\8-2-build-windows-i586-cygwin\jdk8u66\5298\hotspot\src\share\vm\prims\methodHandles.cpp, line 1146]
Event: 1.012 Thread 0x00adbc00 Exception <a 'java/io/FileNotFoundException'> (0x048e2a58) thrown at [C:\re\workspace\8-2-build-windows-i586-cygwin\jdk8u66\5298\hotspot\src\share\vm\prims\jni.cpp, line 709]

Events (10 events):
Event: 1.500 loading class java/text/AttributedString$AttributedStringIterator
Event: 1.500 loading class java/text/AttributedCharacterIterator
Event: 1.500 loading class java/text/AttributedCharacterIterator done
Event: 1.500 loading class java/text/AttributedString$AttributedStringIterator done
Event: 1.581 Thread 0x15427400 Thread added: 0x15427400
Event: 1.589 Executing VM operation: GenCollectForAllocation
Event: 1.602 Executing VM operation: GenCollectForAllocation done
Event: 3.146 Thread 0x1542cc00 Thread added: 0x1542cc00
Event: 3.146 Thread 0x1542d000 Thread added: 0x1542d000
Event: 3.147 Thread 0x1542d000 Thread exited: 0x1542d000


Dynamic libraries:
0x010b0000 - 0x010e3000 	C:\Program Files (x86)\Java\jre1.8.0_66\bin\javaw.exe
0x77e00000 - 0x77f7b000 	C:\WINDOWS\SYSTEM32\ntdll.dll
0x76810000 - 0x768f0000 	C:\WINDOWS\SYSTEM32\KERNEL32.DLL
0x76fd0000 - 0x7714e000 	C:\WINDOWS\SYSTEM32\KERNELBASE.dll
0x707c0000 - 0x70852000 	C:\WINDOWS\system32\apphelp.dll
0x74f20000 - 0x74f9b000 	C:\WINDOWS\SYSTEM32\ADVAPI32.dll
0x76a60000 - 0x76b1e000 	C:\WINDOWS\SYSTEM32\msvcrt.dll
0x75270000 - 0x752b4000 	C:\WINDOWS\SYSTEM32\sechost.dll
0x75310000 - 0x753bd000 	C:\WINDOWS\SYSTEM32\RPCRT4.dll
0x74b30000 - 0x74b4e000 	C:\WINDOWS\SYSTEM32\SspiCli.dll
0x74b20000 - 0x74b2a000 	C:\WINDOWS\SYSTEM32\CRYPTBASE.dll
0x76f70000 - 0x76fc8000 	C:\WINDOWS\SYSTEM32\bcryptPrimitives.dll
0x75010000 - 0x75157000 	C:\WINDOWS\SYSTEM32\USER32.dll
0x77150000 - 0x7729f000 	C:\WINDOWS\SYSTEM32\GDI32.dll
0x6fea0000 - 0x700af000 	C:\WINDOWS\WinSxS\x86_microsoft.windows.common-controls_6595b64144ccf1df_6.0.10586.0_none_d3c2e4e965da4528\COMCTL32.dll
0x76b20000 - 0x76cdd000 	C:\WINDOWS\SYSTEM32\combase.dll
0x75230000 - 0x7525b000 	C:\WINDOWS\SYSTEM32\IMM32.DLL
0x66350000 - 0x6640f000 	C:\Program Files (x86)\Java\jre1.8.0_66\bin\msvcr100.dll
0x66c50000 - 0x67015000 	C:\Program Files (x86)\Java\jre1.8.0_66\bin\client\jvm.dll
0x777a0000 - 0x777a6000 	C:\WINDOWS\SYSTEM32\PSAPI.DLL
0x746c0000 - 0x746c8000 	C:\WINDOWS\SYSTEM32\WSOCK32.dll
0x74fa0000 - 0x74fff000 	C:\WINDOWS\SYSTEM32\WS2_32.dll
0x72de0000 - 0x72e04000 	C:\WINDOWS\SYSTEM32\WINMM.dll
0x745d0000 - 0x745d8000 	C:\WINDOWS\SYSTEM32\VERSION.dll
0x72db0000 - 0x72dd3000 	C:\WINDOWS\SYSTEM32\WINMMBASE.dll
0x74b50000 - 0x74b87000 	C:\WINDOWS\SYSTEM32\cfgmgr32.dll
0x6ee40000 - 0x6ee4c000 	C:\Program Files (x86)\Java\jre1.8.0_66\bin\verify.dll
0x6ee10000 - 0x6ee31000 	C:\Program Files (x86)\Java\jre1.8.0_66\bin\java.dll
0x6edf0000 - 0x6ee03000 	C:\Program Files (x86)\Java\jre1.8.0_66\bin\zip.dll
0x75410000 - 0x7680e000 	C:\WINDOWS\SYSTEM32\SHELL32.dll
0x772a0000 - 0x7779a000 	C:\WINDOWS\SYSTEM32\windows.storage.dll
0x74d20000 - 0x74d65000 	C:\WINDOWS\SYSTEM32\shlwapi.dll
0x75220000 - 0x7522c000 	C:\WINDOWS\SYSTEM32\kernel.appcore.dll
0x74dd0000 - 0x74e5d000 	C:\WINDOWS\SYSTEM32\shcore.dll
0x752c0000 - 0x75304000 	C:\WINDOWS\SYSTEM32\powrprof.dll
0x75260000 - 0x7526f000 	C:\WINDOWS\SYSTEM32\profapi.dll
0x702c0000 - 0x702c9000 	C:\Users\justin\Desktop\TestGit\wiimote\WiiUseJ.dll
0x00ab0000 - 0x00ace000 	C:\Users\justin\Desktop\TestGit\wiimote\wiiuse.dll
0x777b0000 - 0x77bbb000 	C:\WINDOWS\SYSTEM32\SETUPAPI.dll
0x66340000 - 0x6634a000 	C:\WINDOWS\SYSTEM32\HID.DLL
0x74af0000 - 0x74b12000 	C:\WINDOWS\SYSTEM32\DEVOBJ.dll
0x753c0000 - 0x75402000 	C:\WINDOWS\SYSTEM32\WINTRUST.dll
0x77d00000 - 0x77d0e000 	C:\WINDOWS\SYSTEM32\MSASN1.dll
0x76cf0000 - 0x76e68000 	C:\WINDOWS\SYSTEM32\CRYPT32.dll
0x661f0000 - 0x66335000 	C:\Program Files (x86)\Java\jre1.8.0_66\bin\awt.dll
0x75180000 - 0x75212000 	C:\WINDOWS\SYSTEM32\OLEAUT32.dll
0x72970000 - 0x7298d000 	C:\WINDOWS\system32\DWMAPI.DLL
0x72030000 - 0x720a5000 	C:\WINDOWS\system32\uxtheme.dll
0x77bc0000 - 0x77cdf000 	C:\WINDOWS\SYSTEM32\MSCTF.dll
0x74b90000 - 0x74c7b000 	C:\WINDOWS\SYSTEM32\ole32.dll
0x661b0000 - 0x661e9000 	C:\Program Files (x86)\Java\jre1.8.0_66\bin\fontmanager.dll
0x6edd0000 - 0x6ede6000 	C:\Program Files (x86)\Java\jre1.8.0_66\bin\net.dll
0x726d0000 - 0x7271f000 	C:\WINDOWS\system32\mswsock.dll
0x6edc0000 - 0x6edcf000 	C:\Program Files (x86)\Java\jre1.8.0_66\bin\nio.dll
0x66180000 - 0x661b0000 	C:\Program Files (x86)\Java\jre1.8.0_66\bin\t2k.dll
0x77d10000 - 0x77d94000 	C:\WINDOWS\SYSTEM32\clbcatq.dll
0x6cd40000 - 0x6ceb3000 	C:\WINDOWS\SYSTEM32\WindowsCodecs.dll
0x66c00000 - 0x66c41000 	C:\WINDOWS\system32\dataexchange.dll
0x6b320000 - 0x6b53a000 	C:\WINDOWS\system32\d3d11.dll
0x66b50000 - 0x66bf7000 	C:\WINDOWS\system32\dcomp.dll
0x6d870000 - 0x6d8f3000 	C:\WINDOWS\system32\dxgi.dll
0x724b0000 - 0x7257d000 	C:\WINDOWS\system32\twinapi.appcore.dll
0x73de0000 - 0x73dfb000 	C:\WINDOWS\system32\bcrypt.dll
0x6f700000 - 0x6f83f000 	C:\WINDOWS\SYSTEM32\dbghelp.dll

VM Arguments:
jvm_args: -Dfile.encoding=Cp1252 
java_command: wiimote.Opdracht2
java_class_path (initial): C:\Users\justin\Desktop\TestGit\wiimote\bin;C:\Users\justin\Desktop\wiiusej 0.12b\wiiusej 0.12b\wiiusej.jar
Launcher Type: SUN_STANDARD

Environment Variables:
PATH=C:/Program Files (x86)/Java/jre1.8.0_66/bin/client;C:/Program Files (x86)/Java/jre1.8.0_66/bin;C:/Program Files (x86)/Java/jre1.8.0_66/lib/i386;C:\ProgramData\Oracle\Java\javapath;C:\Program Files (x86)\Intel\TXE Components\TCS\;C:\Program Files\Intel\TXE Components\TCS\;C:\WINDOWS\system32;C:\WINDOWS;C:\WINDOWS\System32\Wbem;C:\WINDOWS\System32\WindowsPowerShell\v1.0\;C:\Program Files (x86)\Skype\Phone\;C:\Program Files (x86)\GitExtensions\;C:\Users\justin\Desktop\eclipse-java-mars-1-win32\eclipse;
USERNAME=justin
OS=Windows_NT
PROCESSOR_IDENTIFIER=Intel64 Family 6 Model 55 Stepping 8, GenuineIntel



---------------  S Y S T E M  ---------------

OS: Windows 10.0 , 64 bit Build 10586 (10.0.10586.0)

CPU:total 2 (2 cores per cpu, 1 threads per core) family 6 model 55 stepping 8, cmov, cx8, fxsr, mmx, sse, sse2, sse3, ssse3, sse4.1, sse4.2, popcnt, clmul, erms, 3dnowpref, tsc, tscinvbit

Memory: 4k page, physical 4077840k(1805960k free), swap 6043920k(3461848k free)

vm_info: Java HotSpot(TM) Client VM (25.66-b18) for windows-x86 JRE (1.8.0_66-b18), built on Nov  9 2015 10:58:29 by "java_re" with MS VC++ 10.0 (VS2010)

time: Fri Apr 22 12:54:07 2016
elapsed time: 3 seconds (0d 0h 0m 3s)

