#
# A fatal error has been detected by the Java Runtime Environment:
#
#  EXCEPTION_ACCESS_VIOLATION (0xc0000005) at pc=0x157a2ee9, pid=12128, tid=12008
#
# JRE version: Java(TM) SE Runtime Environment (8.0_66-b18) (build 1.8.0_66-b18)
# Java VM: Java HotSpot(TM) Client VM (25.66-b18 mixed mode, sharing windows-x86 )
# Problematic frame:
# C  [wiiuse.dll+0x2ee9]
#
# Failed to write core dump. Minidumps are not enabled by default on client versions of Windows
#
# If you would like to submit a bug report, please visit:
#   http://bugreport.java.com/bugreport/crash.jsp
# The crash happened outside the Java Virtual Machine in native code.
# See problematic frame for where to report the bug.
#

---------------  T H R E A D  ---------------

Current thread (0x15224400):  JavaThread "AWT-EventQueue-0" [_thread_in_native, id=12008, stack(0x156d0000,0x15720000)]

siginfo: ExceptionCode=0xc0000005, reading address 0x00002f10

Registers:
EAX=0x00002ee8, EBX=0x00000001, ECX=0x157a4f56, EDX=0x162a39ef
ESP=0x1571ef10, EBP=0x157a2ee0, ESI=0x00002ee8, EDI=0x162a07c8
EIP=0x157a2ee9, EFLAGS=0x00010206

Top of Stack: (sp=0x1571ef10)
0x1571ef10:   00000000 157a4108 00002ee8 1571ef38
0x1571ef20:   1467d528 15224400 1467d528 00e5125e
0x1571ef30:   162a07c8 00000001 1571ef80 022ac7b7
0x1571ef40:   15224540 1571ef90 022ac615 152247e4
0x1571ef50:   1571ef58 022ac5eb 00000003 09a67ad8
0x1571ef60:   1571ef58 1467d528 1571ef90 1467e120
0x1571ef70:   00000000 1467d528 00000000 1571ef90
0x1571ef80:   1571efb4 022a43b4 00000000 022a8a99 

Instructions: (pc=0x157a2ee9)
0x157a2ec9:   74 03 83 c0 01 83 c1 01 3b ca 7c ed 5f 5e c3 cc
0x157a2ed9:   cc cc cc cc cc cc cc 56 8b 74 24 08 85 f6 74 2f
0x157a2ee9:   f6 46 28 08 75 29 8b 46 04 50 ff 15 38 20 7b 15
0x157a2ef9:   8d 4e 08 51 c7 46 04 00 00 00 00 ff 15 24 20 7b 


Register to memory mapping:

EAX=0x00002ee8 is an unknown value
EBX=0x00000001 is an unknown value
ECX=0x157a4f56 is an unknown value
EDX=0x162a39ef is an unknown value
ESP=0x1571ef10 is pointing into the stack for thread: 0x15224400
EBP=0x157a2ee0 is an unknown value
ESI=0x00002ee8 is an unknown value
EDI=0x162a07c8 is an unknown value


Stack: [0x156d0000,0x15720000],  sp=0x1571ef10,  free space=315k
Native frames: (J=compiled Java code, j=interpreted, Vv=VM code, C=native code)
C  [wiiuse.dll+0x2ee9]

Java frames: (J=compiled Java code, j=interpreted, Vv=VM code)
j  wiiusej.WiiUseApi.cleanUp()V+0
j  wiiusej.WiiUseApiManager.shutdown()V+69
j  RaceMap.<init>(I)V+203
j  Wissel.switchcase(I)V+201
j  ShopGUI.actionPerformed(Ljava/awt/event/ActionEvent;)V+60
j  javax.swing.Timer.fireActionPerformed(Ljava/awt/event/ActionEvent;)V+34
j  javax.swing.Timer$DoPostEvent.run()V+74
j  java.awt.event.InvocationEvent.dispatch()V+47
j  java.awt.EventQueue.dispatchEventImpl(Ljava/awt/AWTEvent;Ljava/lang/Object;)V+21
j  java.awt.EventQueue.access$500(Ljava/awt/EventQueue;Ljava/awt/AWTEvent;Ljava/lang/Object;)V+3
j  java.awt.EventQueue$3.run()Ljava/lang/Void;+32
j  java.awt.EventQueue$3.run()Ljava/lang/Object;+1
v  ~StubRoutines::call_stub
J 519  java.security.AccessController.doPrivileged(Ljava/security/PrivilegedAction;Ljava/security/AccessControlContext;)Ljava/lang/Object; (0 bytes) @ 0x023e17c7 [0x023e1760+0x67]
J 538 C1 java.security.ProtectionDomain$JavaSecurityAccessImpl.doIntersectionPrivilege(Ljava/security/PrivilegedAction;Ljava/security/AccessControlContext;Ljava/security/AccessControlContext;)Ljava/lang/Object; (22 bytes) @ 0x023e65c0 [0x023e64c0+0x100]
j  java.awt.EventQueue.dispatchEvent(Ljava/awt/AWTEvent;)V+46
J 517 C1 java.awt.EventDispatchThread.pumpOneEventForFilters(I)V (295 bytes) @ 0x023dfc14 [0x023df580+0x694]
j  java.awt.EventDispatchThread.pumpEventsForFilter(ILjava/awt/Conditional;Ljava/awt/EventFilter;)V+35
j  java.awt.EventDispatchThread.pumpEventsForHierarchy(ILjava/awt/Conditional;Ljava/awt/Component;)V+11
j  java.awt.EventDispatchThread.pumpEvents(ILjava/awt/Conditional;)V+4
j  java.awt.EventDispatchThread.pumpEvents(Ljava/awt/Conditional;)V+3
j  java.awt.EventDispatchThread.run()V+9
v  ~StubRoutines::call_stub

---------------  P R O C E S S  ---------------

Java Threads: ( => current thread )
  0x153a8800 JavaThread "TimerQueue" daemon [_thread_blocked, id=14300, stack(0x16a20000,0x16a70000)]
  0x00b4bc00 JavaThread "DestroyJavaVM" [_thread_blocked, id=16996, stack(0x009f0000,0x00a40000)]
  0x15250c00 JavaThread "Thread-2" [_thread_blocked, id=5980, stack(0x161c0000,0x16210000)]
=>0x15224400 JavaThread "AWT-EventQueue-0" [_thread_in_native, id=12008, stack(0x156d0000,0x15720000)]
  0x15205c00 JavaThread "AWT-Windows" daemon [_thread_in_native, id=2704, stack(0x15580000,0x155d0000)]
  0x15204400 JavaThread "AWT-Shutdown" [_thread_blocked, id=2784, stack(0x154f0000,0x15540000)]
  0x15201000 JavaThread "Java2D Disposer" daemon [_thread_blocked, id=2264, stack(0x14ba0000,0x14bf0000)]
  0x00bdf400 JavaThread "Service Thread" daemon [_thread_blocked, id=5448, stack(0x14a80000,0x14ad0000)]
  0x00bb8800 JavaThread "C1 CompilerThread0" daemon [_thread_blocked, id=9332, stack(0x149f0000,0x14a40000)]
  0x00bb7800 JavaThread "Attach Listener" daemon [_thread_blocked, id=16304, stack(0x14960000,0x149b0000)]
  0x00bb5800 JavaThread "Signal Dispatcher" daemon [_thread_blocked, id=12772, stack(0x04370000,0x043c0000)]
  0x00bab000 JavaThread "Finalizer" daemon [_thread_blocked, id=1692, stack(0x042e0000,0x04330000)]
  0x00ba6000 JavaThread "Reference Handler" daemon [_thread_blocked, id=9032, stack(0x00de0000,0x00e30000)]

Other Threads:
  0x00ba2400 VMThread [stack: 0x00d50000,0x00da0000] [id=17184]
  0x00bed400 WatcherThread [stack: 0x14b10000,0x14b60000] [id=6172]

VM state:not at safepoint (normal execution)

VM Mutex/Monitor currently owned by a thread: None

Heap:
 def new generation   total 4928K, used 2795K [0x04400000, 0x04950000, 0x09950000)
  eden space 4416K,  58% used [0x04400000, 0x04687c30, 0x04850000)
  from space 512K,  39% used [0x048d0000, 0x04903078, 0x04950000)
  to   space 512K,   0% used [0x04850000, 0x04850000, 0x048d0000)
 tenured generation   total 10944K, used 10043K [0x09950000, 0x0a400000, 0x14400000)
   the space 10944K,  91% used [0x09950000, 0x0a31ed78, 0x0a31ee00, 0x0a400000)
 Metaspace       used 716K, capacity 2641K, committed 2752K, reserved 4480K

Card table byte_map: [0x00c80000,0x00d10000] byte_map_base: 0x00c5e000

Polling page: 0x00670000

CodeCache: size=32768Kb used=1334Kb max_used=1352Kb free=31433Kb
 bounds [0x022a0000, 0x023f8000, 0x042a0000]
 total_blobs=798 nmethods=568 adapters=161
 compilation: enabled

Compilation events (10 events):
Event: 10.847 Thread 0x00bb8800  571             sun.awt.SunToolkit::isInstanceOf (71 bytes)
Event: 10.847 Thread 0x00bb8800 nmethod 571 0x023f0e48 code [0x023f0fa0, 0x023f1194]
Event: 10.852 Thread 0x00bb8800  572             java.awt.font.FontRenderContext::equals (127 bytes)
Event: 10.854 Thread 0x00bb8800 nmethod 572 0x023f1408 code [0x023f1570, 0x023f1a40]
Event: 10.859 Thread 0x00bb8800  573             java.awt.Rectangle::getBounds (24 bytes)
Event: 10.859 Thread 0x00bb8800 nmethod 573 0x023f1c48 code [0x023f1d40, 0x023f1e20]
Event: 11.588 Thread 0x00bb8800  574             sun.java2d.SunGraphics2D::getSurfaceData (5 bytes)
Event: 11.589 Thread 0x00bb8800 nmethod 574 0x023f1e88 code [0x023f1f80, 0x023f2000]
Event: 11.703 Thread 0x00bb8800  575             java.util.EventObject::<init> (24 bytes)
Event: 11.703 Thread 0x00bb8800 nmethod 575 0x023f2048 code [0x023f2150, 0x023f224c]

GC Heap History (10 events):
Event: 3.535 GC heap before
{Heap before GC invocations=6 (full 0):
 def new generation   total 4928K, used 3820K [0x04400000, 0x04950000, 0x09950000)
  eden space 4416K,  81% used [0x04400000, 0x047866a0, 0x04850000)
  from space 512K,  41% used [0x04850000, 0x048849b8, 0x048d0000)
  to   space 512K,   0% used [0x048d0000, 0x048d0000, 0x04950000)
 tenured generation   total 10944K, used 6281K [0x09950000, 0x0a400000, 0x14400000)
   the space 10944K,  57% used [0x09950000, 0x09f72610, 0x09f72800, 0x0a400000)
 Metaspace       used 567K, capacity 2592K, committed 2624K, reserved 4480K
Event: 3.537 GC heap after
Heap after GC invocations=7 (full 0):
 def new generation   total 4928K, used 203K [0x04400000, 0x04950000, 0x09950000)
  eden space 4416K,   0% used [0x04400000, 0x04400000, 0x04850000)
  from space 512K,  39% used [0x048d0000, 0x04902e28, 0x04950000)
  to   space 512K,   0% used [0x04850000, 0x04850000, 0x048d0000)
 tenured generation   total 10944K, used 6281K [0x09950000, 0x0a400000, 0x14400000)
   the space 10944K,  57% used [0x09950000, 0x09f72610, 0x09f72800, 0x0a400000)
 Metaspace       used 567K, capacity 2592K, committed 2624K, reserved 4480K
}
Event: 3.718 GC heap before
{Heap before GC invocations=7 (full 0):
 def new generation   total 4928K, used 4619K [0x04400000, 0x04950000, 0x09950000)
  eden space 4416K, 100% used [0x04400000, 0x04850000, 0x04850000)
  from space 512K,  39% used [0x048d0000, 0x04902e28, 0x04950000)
  to   space 512K,   0% used [0x04850000, 0x04850000, 0x048d0000)
 tenured generation   total 10944K, used 6281K [0x09950000, 0x0a400000, 0x14400000)
   the space 10944K,  57% used [0x09950000, 0x09f72610, 0x09f72800, 0x0a400000)
 Metaspace       used 567K, capacity 2592K, committed 2624K, reserved 4480K
Event: 3.724 GC heap after
Heap after GC invocations=8 (full 0):
 def new generation   total 4928K, used 213K [0x04400000, 0x04950000, 0x09950000)
  eden space 4416K,   0% used [0x04400000, 0x04400000, 0x04850000)
  from space 512K,  41% used [0x04850000, 0x04885420, 0x048d0000)
  to   space 512K,   0% used [0x048d0000, 0x048d0000, 0x04950000)
 tenured generation   total 10944K, used 10043K [0x09950000, 0x0a400000, 0x14400000)
   the space 10944K,  91% used [0x09950000, 0x0a31ed78, 0x0a31ee00, 0x0a400000)
 Metaspace       used 567K, capacity 2592K, committed 2624K, reserved 4480K
}
Event: 4.618 GC heap before
{Heap before GC invocations=8 (full 0):
 def new generation   total 4928K, used 4629K [0x04400000, 0x04950000, 0x09950000)
  eden space 4416K, 100% used [0x04400000, 0x04850000, 0x04850000)
  from space 512K,  41% used [0x04850000, 0x04885420, 0x048d0000)
  to   space 512K,   0% used [0x048d0000, 0x048d0000, 0x04950000)
 tenured generation   total 10944K, used 10043K [0x09950000, 0x0a400000, 0x14400000)
   the space 10944K,  91% used [0x09950000, 0x0a31ed78, 0x0a31ee00, 0x0a400000)
 Metaspace       used 567K, capacity 2592K, committed 2624K, reserved 4480K
Event: 4.619 GC heap after
Heap after GC invocations=9 (full 0):
 def new generation   total 4928K, used 206K [0x04400000, 0x04950000, 0x09950000)
  eden space 4416K,   0% used [0x04400000, 0x04400000, 0x04850000)
  from space 512K,  40% used [0x048d0000, 0x04903bc8, 0x04950000)
  to   space 512K,   0% used [0x04850000, 0x04850000, 0x048d0000)
 tenured generation   total 10944K, used 10043K [0x09950000, 0x0a400000, 0x14400000)
   the space 10944K,  91% used [0x09950000, 0x0a31ed78, 0x0a31ee00, 0x0a400000)
 Metaspace       used 567K, capacity 2592K, committed 2624K, reserved 4480K
}
Event: 5.499 GC heap before
{Heap before GC invocations=9 (full 0):
 def new generation   total 4928K, used 4623K [0x04400000, 0x04950000, 0x09950000)
  eden space 4416K, 100% used [0x04400000, 0x04850000, 0x04850000)
  from space 512K,  40% used [0x048d0000, 0x04903c40, 0x04950000)
  to   space 512K,   0% used [0x04850000, 0x04850000, 0x048d0000)
 tenured generation   total 10944K, used 10043K [0x09950000, 0x0a400000, 0x14400000)
   the space 10944K,  91% used [0x09950000, 0x0a31ed78, 0x0a31ee00, 0x0a400000)
 Metaspace       used 567K, capacity 2592K, committed 2624K, reserved 4480K
Event: 5.501 GC heap after
Heap after GC invocations=10 (full 0):
 def new generation   total 4928K, used 203K [0x04400000, 0x04950000, 0x09950000)
  eden space 4416K,   0% used [0x04400000, 0x04400000, 0x04850000)
  from space 512K,  39% used [0x04850000, 0x04882f38, 0x048d0000)
  to   space 512K,   0% used [0x048d0000, 0x048d0000, 0x04950000)
 tenured generation   total 10944K, used 10043K [0x09950000, 0x0a400000, 0x14400000)
   the space 10944K,  91% used [0x09950000, 0x0a31ed78, 0x0a31ee00, 0x0a400000)
 Metaspace       used 567K, capacity 2592K, committed 2624K, reserved 4480K
}
Event: 6.358 GC heap before
{Heap before GC invocations=10 (full 0):
 def new generation   total 4928K, used 4619K [0x04400000, 0x04950000, 0x09950000)
  eden space 4416K, 100% used [0x04400000, 0x04850000, 0x04850000)
  from space 512K,  39% used [0x04850000, 0x04882f38, 0x048d0000)
  to   space 512K,   0% used [0x048d0000, 0x048d0000, 0x04950000)
 tenured generation   total 10944K, used 10043K [0x09950000, 0x0a400000, 0x14400000)
   the space 10944K,  91% used [0x09950000, 0x0a31ed78, 0x0a31ee00, 0x0a400000)
 Metaspace       used 567K, capacity 2592K, committed 2624K, reserved 4480K
Event: 6.360 GC heap after
Heap after GC invocations=11 (full 0):
 def new generation   total 4928K, used 204K [0x04400000, 0x04950000, 0x09950000)
  eden space 4416K,   0% used [0x04400000, 0x04400000, 0x04850000)
  from space 512K,  39% used [0x048d0000, 0x04903078, 0x04950000)
  to   space 512K,   0% used [0x04850000, 0x04850000, 0x048d0000)
 tenured generation   total 10944K, used 10043K [0x09950000, 0x0a400000, 0x14400000)
   the space 10944K,  91% used [0x09950000, 0x0a31ed78, 0x0a31ee00, 0x0a400000)
 Metaspace       used 567K, capacity 2592K, committed 2624K, reserved 4480K
}

Deoptimization events (0 events):
No events

Internal exceptions (10 events):
Event: 0.401 Thread 0x00b4bc00 Exception <a 'java/lang/NoSuchFieldError': method resolution failed> (0x0458a390) thrown at [C:\re\workspace\8-2-build-windows-i586-cygwin\jdk8u66\5298\hotspot\src\share\vm\prims\methodHandles.cpp, line 1146]
Event: 0.405 Thread 0x00b4bc00 Exception <a 'java/lang/NoSuchFieldError': method resolution failed> (0x04596580) thrown at [C:\re\workspace\8-2-build-windows-i586-cygwin\jdk8u66\5298\hotspot\src\share\vm\prims\methodHandles.cpp, line 1146]
Event: 0.463 Thread 0x00b4bc00 Exception <a 'java/io/FileNotFoundException'> (0x0461d2a0) thrown at [C:\re\workspace\8-2-build-windows-i586-cygwin\jdk8u66\5298\hotspot\src\share\vm\prims\jni.cpp, line 709]
Event: 0.896 Thread 0x15224400 Exception <a 'java/io/FileNotFoundException'> (0x04823860) thrown at [C:\re\workspace\8-2-build-windows-i586-cygwin\jdk8u66\5298\hotspot\src\share\vm\prims\jni.cpp, line 709]
Event: 0.906 Thread 0x15224400 Exception <a 'java/io/FileNotFoundException'> (0x048325f8) thrown at [C:\re\workspace\8-2-build-windows-i586-cygwin\jdk8u66\5298\hotspot\src\share\vm\prims\jni.cpp, line 709]
Event: 0.916 Thread 0x15224400 Exception <a 'java/io/FileNotFoundException'> (0x04842af8) thrown at [C:\re\workspace\8-2-build-windows-i586-cygwin\jdk8u66\5298\hotspot\src\share\vm\prims\jni.cpp, line 709]
Event: 0.916 Thread 0x15224400 Exception <a 'java/io/FileNotFoundException'> (0x04843db8) thrown at [C:\re\workspace\8-2-build-windows-i586-cygwin\jdk8u66\5298\hotspot\src\share\vm\prims\jni.cpp, line 709]
Event: 9.148 Thread 0x15250c00 Exception <a 'java/lang/NoSuchMethodError': <clinit>> (0x045c25d8) thrown at [C:\re\workspace\8-2-build-windows-i586-cygwin\jdk8u66\5298\hotspot\src\share\vm\prims\jni.cpp, line 1591]
Event: 9.171 Thread 0x15250c00 Exception <a 'java/lang/NoSuchMethodError': <clinit>> (0x04607248) thrown at [C:\re\workspace\8-2-build-windows-i586-cygwin\jdk8u66\5298\hotspot\src\share\vm\prims\jni.cpp, line 1591]
Event: 9.174 Thread 0x15250c00 Exception <a 'java/lang/NoSuchMethodError': <clinit>> (0x04610e48) thrown at [C:\re\workspace\8-2-build-windows-i586-cygwin\jdk8u66\5298\hotspot\src\share\vm\prims\jni.cpp, line 1591]

Events (10 events):
Event: 11.700 Executing VM operation: RevokeBias
Event: 11.700 Executing VM operation: RevokeBias done
Event: 11.703 Thread 0x00bb8800 flushing nmethod 0x023c5048
Event: 11.703 Thread 0x00bb8800 flushing nmethod 0x023d00c8
Event: 11.733 loading class wiiusej/utils/AccelerationPanel
Event: 11.733 loading class wiiusej/utils/AccelerationPanel done
Event: 11.734 loading class wiiusej/utils/AccelerationWiimoteEventPanel
Event: 11.734 loading class wiiusej/utils/AccelerationWiimoteEventPanel done
Event: 11.736 Executing VM operation: RevokeBias
Event: 11.737 Executing VM operation: RevokeBias done


Dynamic libraries:
0x00e60000 - 0x00e93000 	C:\Program Files (x86)\Java\jre1.8.0_66\bin\javaw.exe
0x77770000 - 0x778eb000 	C:\WINDOWS\SYSTEM32\ntdll.dll
0x77220000 - 0x77300000 	C:\WINDOWS\SYSTEM32\KERNEL32.DLL
0x774e0000 - 0x7765e000 	C:\WINDOWS\SYSTEM32\KERNELBASE.dll
0x71ce0000 - 0x71d72000 	C:\WINDOWS\system32\apphelp.dll
0x776f0000 - 0x7776b000 	C:\WINDOWS\SYSTEM32\ADVAPI32.dll
0x76790000 - 0x7684e000 	C:\WINDOWS\SYSTEM32\msvcrt.dll
0x76740000 - 0x76784000 	C:\WINDOWS\SYSTEM32\sechost.dll
0x76630000 - 0x766dd000 	C:\WINDOWS\SYSTEM32\RPCRT4.dll
0x744a0000 - 0x744be000 	C:\WINDOWS\SYSTEM32\SspiCli.dll
0x74490000 - 0x7449a000 	C:\WINDOWS\SYSTEM32\CRYPTBASE.dll
0x77050000 - 0x770a8000 	C:\WINDOWS\SYSTEM32\bcryptPrimitives.dll
0x74da0000 - 0x74ee7000 	C:\WINDOWS\SYSTEM32\USER32.dll
0x74c50000 - 0x74d9f000 	C:\WINDOWS\SYSTEM32\GDI32.dll
0x70150000 - 0x7035f000 	C:\WINDOWS\WinSxS\x86_microsoft.windows.common-controls_6595b64144ccf1df_6.0.10586.0_none_d3c2e4e965da4528\COMCTL32.dll
0x77300000 - 0x774bd000 	C:\WINDOWS\SYSTEM32\combase.dll
0x74940000 - 0x7496b000 	C:\WINDOWS\SYSTEM32\IMM32.DLL
0x6cea0000 - 0x6cf5f000 	C:\Program Files (x86)\Java\jre1.8.0_66\bin\msvcr100.dll
0x6c690000 - 0x6ca55000 	C:\Program Files (x86)\Java\jre1.8.0_66\bin\client\jvm.dll
0x771b0000 - 0x771b6000 	C:\WINDOWS\SYSTEM32\PSAPI.DLL
0x74150000 - 0x74158000 	C:\WINDOWS\SYSTEM32\WSOCK32.dll
0x76ff0000 - 0x7704f000 	C:\WINDOWS\SYSTEM32\WS2_32.dll
0x6e820000 - 0x6e844000 	C:\WINDOWS\SYSTEM32\WINMM.dll
0x740a0000 - 0x740a8000 	C:\WINDOWS\SYSTEM32\VERSION.dll
0x6e7f0000 - 0x6e813000 	C:\WINDOWS\SYSTEM32\WINMMBASE.dll
0x76f00000 - 0x76f37000 	C:\WINDOWS\SYSTEM32\cfgmgr32.dll
0x716a0000 - 0x716ac000 	C:\Program Files (x86)\Java\jre1.8.0_66\bin\verify.dll
0x71470000 - 0x71491000 	C:\Program Files (x86)\Java\jre1.8.0_66\bin\java.dll
0x71450000 - 0x71463000 	C:\Program Files (x86)\Java\jre1.8.0_66\bin\zip.dll
0x74ef0000 - 0x762ee000 	C:\WINDOWS\SYSTEM32\SHELL32.dll
0x769a0000 - 0x76e9a000 	C:\WINDOWS\SYSTEM32\windows.storage.dll
0x771d0000 - 0x77215000 	C:\WINDOWS\SYSTEM32\shlwapi.dll
0x76f40000 - 0x76f4c000 	C:\WINDOWS\SYSTEM32\kernel.appcore.dll
0x77660000 - 0x776ed000 	C:\WINDOWS\SYSTEM32\shcore.dll
0x74a90000 - 0x74ad4000 	C:\WINDOWS\SYSTEM32\powrprof.dll
0x76f50000 - 0x76f5f000 	C:\WINDOWS\SYSTEM32\profapi.dll
0x66e80000 - 0x66fc5000 	C:\Program Files (x86)\Java\jre1.8.0_66\bin\awt.dll
0x762f0000 - 0x76382000 	C:\WINDOWS\SYSTEM32\OLEAUT32.dll
0x71a90000 - 0x71aad000 	C:\WINDOWS\system32\DWMAPI.DLL
0x71590000 - 0x71605000 	C:\WINDOWS\system32\uxtheme.dll
0x76510000 - 0x7662f000 	C:\WINDOWS\SYSTEM32\MSCTF.dll
0x770c0000 - 0x771ab000 	C:\WINDOWS\SYSTEM32\ole32.dll
0x6c3a0000 - 0x6c3d9000 	C:\Program Files (x86)\Java\jre1.8.0_66\bin\fontmanager.dll
0x00e50000 - 0x00e59000 	C:\Users\justin\Desktop\TestGit\wiimote\WiiUseJ.dll
0x157a0000 - 0x157be000 	C:\Users\justin\Desktop\TestGit\wiimote\wiiuse.dll
0x744c0000 - 0x748cb000 	C:\WINDOWS\SYSTEM32\SETUPAPI.dll
0x712c0000 - 0x712ca000 	C:\WINDOWS\SYSTEM32\HID.DLL
0x73920000 - 0x73942000 	C:\WINDOWS\SYSTEM32\DEVOBJ.dll
0x76950000 - 0x76992000 	C:\WINDOWS\SYSTEM32\WINTRUST.dll
0x74930000 - 0x7493e000 	C:\WINDOWS\SYSTEM32\MSASN1.dll
0x76390000 - 0x76509000 	C:\WINDOWS\SYSTEM32\CRYPT32.dll
0x71430000 - 0x71446000 	C:\Program Files (x86)\Java\jre1.8.0_66\bin\net.dll
0x72590000 - 0x725df000 	C:\WINDOWS\system32\mswsock.dll
0x71690000 - 0x7169f000 	C:\Program Files (x86)\Java\jre1.8.0_66\bin\nio.dll
0x6d8e0000 - 0x6d910000 	C:\Program Files (x86)\Java\jre1.8.0_66\bin\t2k.dll
0x76f60000 - 0x76fe4000 	C:\WINDOWS\SYSTEM32\clbcatq.dll
0x6ca60000 - 0x6cbd3000 	C:\WINDOWS\SYSTEM32\WindowsCodecs.dll
0x713b0000 - 0x713f1000 	C:\WINDOWS\system32\dataexchange.dll
0x67db0000 - 0x67fca000 	C:\WINDOWS\system32\d3d11.dll
0x6b1a0000 - 0x6b247000 	C:\WINDOWS\system32\dcomp.dll
0x6b250000 - 0x6b2d2000 	C:\WINDOWS\system32\dxgi.dll
0x716b0000 - 0x7177d000 	C:\WINDOWS\system32\twinapi.appcore.dll
0x73750000 - 0x7376b000 	C:\WINDOWS\system32\bcrypt.dll
0x6fa20000 - 0x6fb5f000 	C:\WINDOWS\SYSTEM32\dbghelp.dll

VM Arguments:
jvm_args: -Dfile.encoding=Cp1252 
java_command: Wissel
java_class_path (initial): C:\Users\justin\Desktop\TestGit\wiimote\bin;C:\Users\justin\Desktop\wiiusej 0.12b\wiiusej 0.12b\wiiusej.jar
Launcher Type: SUN_STANDARD

Environment Variables:
PATH=C:/Program Files (x86)/Java/jre1.8.0_66/bin/client;C:/Program Files (x86)/Java/jre1.8.0_66/bin;C:/Program Files (x86)/Java/jre1.8.0_66/lib/i386;C:\ProgramData\Oracle\Java\javapath;C:\Program Files (x86)\Intel\TXE Components\TCS\;C:\Program Files\Intel\TXE Components\TCS\;C:\WINDOWS\system32;C:\WINDOWS;C:\WINDOWS\System32\Wbem;C:\WINDOWS\System32\WindowsPowerShell\v1.0\;C:\Program Files (x86)\Skype\Phone\;C:\Program Files (x86)\GitExtensions\;C:\Users\justin\Desktop\eclipse-java-mars-1-win32\eclipse;
USERNAME=justin
OS=Windows_NT
PROCESSOR_IDENTIFIER=Intel64 Family 6 Model 55 Stepping 8, GenuineIntel



---------------  S Y S T E M  ---------------

OS: Windows 10.0 , 64 bit Build 10586 (10.0.10586.0)

CPU:total 2 (2 cores per cpu, 1 threads per core) family 6 model 55 stepping 8, cmov, cx8, fxsr, mmx, sse, sse2, sse3, ssse3, sse4.1, sse4.2, popcnt, clmul, erms, 3dnowpref, tsc, tscinvbit

Memory: 4k page, physical 4077840k(1827148k free), swap 4798736k(2187684k free)

vm_info: Java HotSpot(TM) Client VM (25.66-b18) for windows-x86 JRE (1.8.0_66-b18), built on Nov  9 2015 10:58:29 by "java_re" with MS VC++ 10.0 (VS2010)

time: Tue Jun 07 12:33:09 2016
elapsed time: 11 seconds (0d 0h 0m 11s)

