#
# A fatal error has been detected by the Java Runtime Environment:
#
#  EXCEPTION_ACCESS_VIOLATION (0xc0000005) at pc=0x00007ffb541c1742, pid=8568, tid=0x00000000000014ec
#
# JRE version: Java(TM) SE Runtime Environment (8.0_92-b14) (build 1.8.0_92-b14)
# Java VM: Java HotSpot(TM) 64-Bit Server VM (25.92-b14 mixed mode windows-amd64 compressed oops)
# Problematic frame:
# C  [wiiuse.dll+0x1742]
#
# Failed to write core dump. Minidumps are not enabled by default on client versions of Windows
#
# If you would like to submit a bug report, please visit:
#   http://bugreport.java.com/bugreport/crash.jsp
# The crash happened outside the Java Virtual Machine in native code.
# See problematic frame for where to report the bug.
#

---------------  T H R E A D  ---------------

Current thread (0x000000001a26f000):  JavaThread "Thread-2" [_thread_in_native, id=5356, stack(0x000000001ba80000,0x000000001bb80000)]

siginfo: ExceptionCode=0xc0000005, reading address 0x0000000000000fb8

Registers:
RAX=0x0000000000000000, RBX=0x000000001bb91170, RCX=0x0000000000000fa0, RDX=0x0000000000000000
RSP=0x000000001bb7edb0, RBP=0x0000000000000000, RSI=0x0000000000000000, RDI=0x0000000000000002
R8 =0x000000001bb7ed68, R9 =0x0000000000000000, R10=0x0000000000000000, R11=0x0000000000000246
R12=0x000000001a26f1f8, R13=0x000000001bb7f048, R14=0x000000001bb7eff8, R15=0x000000001a26f000
RIP=0x00007ffb541c1742, EFLAGS=0x0000000000010206

Top of Stack: (sp=0x000000001bb7edb0)
0x000000001bb7edb0:   0000000000000000 000000000000089c
0x000000001bb7edc0:   000000001bb90c20 000000005a8a0a82
0x000000001bb7edd0:   000000001bb91120 00007ffb541c2a11
0x000000001bb7ede0:   00000000000003e5 0000000000000000
0x000000001bb7edf0:   0000000000000002 0000000000000000
0x000000001bb7ee00:   000000001a25f7c0 00007ffb60301648
0x000000001bb7ee10:   0000000000000000 0000000017099030
0x000000001bb7ee20:   0000000000000000 00000000d700a808
0x000000001bb7ee30:   000000005b0fdb58 000000005ad26f44
0x000000001bb7ee40:   000000001bb7ee90 000000001bb7ef18
0x000000001bb7ee50:   000000001bb7ef28 000000001bb7ee90
0x000000001bb7ee60:   0000000000000000 0000000000000000
0x000000001bb7ee70:   000000001a26f000 00000000d700a7e0
0x000000001bb7ee80:   00000000170965f0 000000001a26f000
0x000000001bb7ee90:   00000000170965f0 000000001a26f000
0x000000001bb7eea0:   0000000000000030 0000000002335f50 

Instructions: (pc=0x00007ffb541c1742)
0x00007ffb541c1722:   20 48 83 c4 40 5f c3 cc cc cc cc cc cc cc 40 53
0x00007ffb541c1732:   48 83 ec 20 48 8b d9 48 8b 49 50 48 85 c9 74 1c
0x00007ffb541c1742:   80 79 18 00 74 16 48 8b 41 20 48 89 43 50 e8 1f
0x00007ffb541c1752:   40 00 00 48 8b 4b 50 48 85 c9 75 e4 48 83 c4 20 


Register to memory mapping:

RAX=0x0000000000000000 is an unknown value
RBX=0x000000001bb91170 is an unknown value
RCX=0x0000000000000fa0 is an unknown value
RDX=0x0000000000000000 is an unknown value
RSP=0x000000001bb7edb0 is pointing into the stack for thread: 0x000000001a26f000
RBP=0x0000000000000000 is an unknown value
RSI=0x0000000000000000 is an unknown value
RDI=0x0000000000000002 is an unknown value
R8 =0x000000001bb7ed68 is pointing into the stack for thread: 0x000000001a26f000
R9 =0x0000000000000000 is an unknown value
R10=0x0000000000000000 is an unknown value
R11=0x0000000000000246 is an unknown value
R12=0x000000001a26f1f8 is an unknown value
R13=0x000000001bb7f048 is pointing into the stack for thread: 0x000000001a26f000
R14=0x000000001bb7eff8 is pointing into the stack for thread: 0x000000001a26f000
R15=0x000000001a26f000 is a thread


Stack: [0x000000001ba80000,0x000000001bb80000],  sp=0x000000001bb7edb0,  free space=1019k
Native frames: (J=compiled Java code, j=interpreted, Vv=VM code, C=native code)

Java frames: (J=compiled Java code, j=interpreted, Vv=VM code)
J 1228  wiiusej.WiiUseApi.specialPoll(Lwiiusej/wiiusejevents/utils/EventsGatherer;)V (0 bytes) @ 0x000000000283470f [0x00000000028346c0+0x4f]
j  wiiusej.WiiUseApiManager.run()V+53
v  ~StubRoutines::call_stub

---------------  P R O C E S S  ---------------

Java Threads: ( => current thread )
  0x000000001a2d0000 JavaThread "TimerQueue" daemon [_thread_blocked, id=9984, stack(0x000000001ea60000,0x000000001eb60000)]
  0x000000001a2ce800 JavaThread "DestroyJavaVM" [_thread_blocked, id=7076, stack(0x0000000002220000,0x0000000002320000)]
  0x000000001a2cd000 JavaThread "Direct Clip" daemon [_thread_blocked, id=7492, stack(0x000000001cda0000,0x000000001cea0000)]
  0x000000001a2cd800 JavaThread "Direct Clip" daemon [_thread_blocked, id=5696, stack(0x000000001cca0000,0x000000001cda0000)]
  0x000000001a2d0800 JavaThread "Direct Clip" daemon [_thread_blocked, id=1932, stack(0x000000001cba0000,0x000000001cca0000)]
  0x000000001a285000 JavaThread "Direct Clip" daemon [_thread_blocked, id=2228, stack(0x000000001caa0000,0x000000001cba0000)]
  0x000000001a280000 JavaThread "Direct Clip" daemon [_thread_blocked, id=7772, stack(0x000000001c9a0000,0x000000001caa0000)]
  0x000000001a279000 JavaThread "Direct Clip" daemon [_thread_blocked, id=4696, stack(0x000000001c6a0000,0x000000001c7a0000)]
  0x000000001a278800 JavaThread "Direct Clip" daemon [_thread_blocked, id=2896, stack(0x000000001c5a0000,0x000000001c6a0000)]
  0x000000001a277800 JavaThread "Direct Clip" daemon [_thread_blocked, id=4816, stack(0x000000001c4a0000,0x000000001c5a0000)]
  0x000000001a274800 JavaThread "Java Sound Event Dispatcher" daemon [_thread_blocked, id=9188, stack(0x000000001bfa0000,0x000000001c0a0000)]
=>0x000000001a26f000 JavaThread "Thread-2" [_thread_in_native, id=5356, stack(0x000000001ba80000,0x000000001bb80000)]
  0x000000001a202800 JavaThread "AWT-EventQueue-0" [_thread_in_native, id=8896, stack(0x000000001b540000,0x000000001b640000)]
  0x000000001a1e8000 JavaThread "AWT-Windows" daemon [_thread_in_native, id=3700, stack(0x000000001ab80000,0x000000001ac80000)]
  0x000000001a1e5000 JavaThread "AWT-Shutdown" [_thread_blocked, id=5284, stack(0x000000001aa80000,0x000000001ab80000)]
  0x000000001a1e4800 JavaThread "Java2D Disposer" daemon [_thread_blocked, id=4188, stack(0x000000001a980000,0x000000001aa80000)]
  0x0000000019346000 JavaThread "Service Thread" daemon [_thread_blocked, id=8396, stack(0x0000000019e80000,0x0000000019f80000)]
  0x00000000192b7000 JavaThread "C1 CompilerThread3" daemon [_thread_blocked, id=7048, stack(0x0000000019d80000,0x0000000019e80000)]
  0x00000000192b1000 JavaThread "C2 CompilerThread2" daemon [_thread_blocked, id=9940, stack(0x0000000019c80000,0x0000000019d80000)]
  0x00000000192aa000 JavaThread "C2 CompilerThread1" daemon [_thread_blocked, id=6668, stack(0x0000000019b80000,0x0000000019c80000)]
  0x00000000192a7000 JavaThread "C2 CompilerThread0" daemon [_thread_blocked, id=4116, stack(0x0000000019a80000,0x0000000019b80000)]
  0x00000000192a6000 JavaThread "Attach Listener" daemon [_thread_blocked, id=4780, stack(0x0000000019980000,0x0000000019a80000)]
  0x000000000241d800 JavaThread "Signal Dispatcher" daemon [_thread_blocked, id=4356, stack(0x0000000019880000,0x0000000019980000)]
  0x0000000002418800 JavaThread "Finalizer" daemon [_thread_blocked, id=7088, stack(0x0000000019680000,0x0000000019780000)]
  0x000000001739d800 JavaThread "Reference Handler" daemon [_thread_blocked, id=1824, stack(0x0000000019180000,0x0000000019280000)]

Other Threads:
  0x0000000017399000 VMThread [stack: 0x0000000019080000,0x0000000019180000] [id=3712]
  0x0000000019354800 WatcherThread [stack: 0x0000000019f80000,0x000000001a080000] [id=7840]

VM state:not at safepoint (normal execution)

VM Mutex/Monitor currently owned by a thread: None

Heap:
 PSYoungGen      total 38400K, used 22228K [0x00000000d5f00000, 0x00000000d8980000, 0x0000000100000000)
  eden space 33280K, 54% used [0x00000000d5f00000,0x00000000d70c7778,0x00000000d7f80000)
  from space 5120K, 78% used [0x00000000d8480000,0x00000000d886d9d0,0x00000000d8980000)
  to   space 5120K, 0% used [0x00000000d7f80000,0x00000000d7f80000,0x00000000d8480000)
 ParOldGen       total 210944K, used 184407K [0x0000000081c00000, 0x000000008ea00000, 0x00000000d5f00000)
  object space 210944K, 87% used [0x0000000081c00000,0x000000008d015ef0,0x000000008ea00000)
 Metaspace       used 12594K, capacity 12848K, committed 13184K, reserved 1060864K
  class space    used 1571K, capacity 1651K, committed 1664K, reserved 1048576K

Card table byte_map: [0x00000000117e0000,0x0000000011be0000] byte_map_base: 0x00000000113d2000

Marking Bits: (ParMarkBitMap*) 0x000000005b3064f0
 Begin Bits: [0x0000000012690000, 0x0000000014620000)
 End Bits:   [0x0000000014620000, 0x00000000165b0000)

Polling page: 0x0000000000ac0000

CodeCache: size=245760Kb used=5378Kb max_used=5380Kb free=240381Kb
 bounds [0x0000000002420000, 0x0000000002970000, 0x0000000011420000]
 total_blobs=2006 nmethods=1496 adapters=422
 compilation: enabled

Compilation events (10 events):
Event: 45.944 Thread 0x00000000192a7000 1566       4       sun.java2d.SunGraphics2D::translate (68 bytes)
Event: 45.945 Thread 0x00000000192a7000 nmethod 1566 0x00000000029526d0 code [0x0000000002952820, 0x0000000002952928]
Event: 46.566 Thread 0x00000000192b7000 1567       3       java.awt.geom.AffineTransform::updateState (230 bytes)
Event: 46.566 Thread 0x00000000192b7000 nmethod 1567 0x0000000002961450 code [0x0000000002961600, 0x0000000002961e30]
Event: 46.782 Thread 0x00000000192b7000 1568       3       java.awt.geom.AffineTransform::<init> (57 bytes)
Event: 46.783 Thread 0x00000000192b7000 nmethod 1568 0x000000000295d3d0 code [0x000000000295d540, 0x000000000295d848]
Event: 47.201 Thread 0x00000000192b7000 1569       3       java.util.PriorityQueue::indexOf (37 bytes)
Event: 47.202 Thread 0x00000000192b7000 nmethod 1569 0x0000000002960dd0 code [0x0000000002960f60, 0x00000000029612e8]
Event: 47.202 Thread 0x00000000192b7000 1570       3       java.util.PriorityQueue::removeAt (87 bytes)
Event: 47.202 Thread 0x00000000192b7000 nmethod 1570 0x000000000295ef90 code [0x000000000295f180, 0x000000000295f978]

GC Heap History (6 events):
Event: 1.509 GC heap before
{Heap before GC invocations=1 (full 0):
 PSYoungGen      total 38400K, used 31794K [0x00000000d5f00000, 0x00000000d8980000, 0x0000000100000000)
  eden space 33280K, 95% used [0x00000000d5f00000,0x00000000d7e0c840,0x00000000d7f80000)
  from space 5120K, 0% used [0x00000000d8480000,0x00000000d8480000,0x00000000d8980000)
  to   space 5120K, 0% used [0x00000000d7f80000,0x00000000d7f80000,0x00000000d8480000)
 ParOldGen       total 115712K, used 109490K [0x0000000081c00000, 0x0000000088d00000, 0x00000000d5f00000)
  object space 115712K, 94% used [0x0000000081c00000,0x00000000886ecb18,0x0000000088d00000)
 Metaspace       used 9402K, capacity 9596K, committed 9728K, reserved 1058816K
  class space    used 1126K, capacity 1192K, committed 1280K, reserved 1048576K
Event: 1.517 GC heap after
Heap after GC invocations=1 (full 0):
 PSYoungGen      total 38400K, used 4213K [0x00000000d5f00000, 0x00000000d8980000, 0x0000000100000000)
  eden space 33280K, 0% used [0x00000000d5f00000,0x00000000d5f00000,0x00000000d7f80000)
  from space 5120K, 82% used [0x00000000d7f80000,0x00000000d839d5e8,0x00000000d8480000)
  to   space 5120K, 0% used [0x00000000d8480000,0x00000000d8480000,0x00000000d8980000)
 ParOldGen       total 133632K, used 132619K [0x0000000081c00000, 0x0000000089e80000, 0x00000000d5f00000)
  object space 133632K, 99% used [0x0000000081c00000,0x0000000089d82c28,0x0000000089e80000)
 Metaspace       used 9402K, capacity 9596K, committed 9728K, reserved 1058816K
  class space    used 1126K, capacity 1192K, committed 1280K, reserved 1048576K
}
Event: 1.517 GC heap before
{Heap before GC invocations=2 (full 1):
 PSYoungGen      total 38400K, used 4213K [0x00000000d5f00000, 0x00000000d8980000, 0x0000000100000000)
  eden space 33280K, 0% used [0x00000000d5f00000,0x00000000d5f00000,0x00000000d7f80000)
  from space 5120K, 82% used [0x00000000d7f80000,0x00000000d839d5e8,0x00000000d8480000)
  to   space 5120K, 0% used [0x00000000d8480000,0x00000000d8480000,0x00000000d8980000)
 ParOldGen       total 133632K, used 132619K [0x0000000081c00000, 0x0000000089e80000, 0x00000000d5f00000)
  object space 133632K, 99% used [0x0000000081c00000,0x0000000089d82c28,0x0000000089e80000)
 Metaspace       used 9402K, capacity 9596K, committed 9728K, reserved 1058816K
  class space    used 1126K, capacity 1192K, committed 1280K, reserved 1048576K
Event: 1.530 GC heap after
Heap after GC invocations=2 (full 1):
 PSYoungGen      total 38400K, used 0K [0x00000000d5f00000, 0x00000000d8980000, 0x0000000100000000)
  eden space 33280K, 0% used [0x00000000d5f00000,0x00000000d5f00000,0x00000000d7f80000)
  from space 5120K, 0% used [0x00000000d7f80000,0x00000000d7f80000,0x00000000d8480000)
  to   space 5120K, 0% used [0x00000000d8480000,0x00000000d8480000,0x00000000d8980000)
 ParOldGen       total 210944K, used 128226K [0x0000000081c00000, 0x000000008ea00000, 0x00000000d5f00000)
  object space 210944K, 60% used [0x0000000081c00000,0x0000000089938b90,0x000000008ea00000)
 Metaspace       used 9402K, capacity 9596K, committed 9728K, reserved 1058816K
  class space    used 1126K, capacity 1192K, committed 1280K, reserved 1048576K
}
Event: 35.581 GC heap before
{Heap before GC invocations=3 (full 1):
 PSYoungGen      total 38400K, used 33280K [0x00000000d5f00000, 0x00000000d8980000, 0x0000000100000000)
  eden space 33280K, 100% used [0x00000000d5f00000,0x00000000d7f80000,0x00000000d7f80000)
  from space 5120K, 0% used [0x00000000d7f80000,0x00000000d7f80000,0x00000000d8480000)
  to   space 5120K, 0% used [0x00000000d8480000,0x00000000d8480000,0x00000000d8980000)
 ParOldGen       total 210944K, used 154354K [0x0000000081c00000, 0x000000008ea00000, 0x00000000d5f00000)
  object space 210944K, 73% used [0x0000000081c00000,0x000000008b2bc930,0x000000008ea00000)
 Metaspace       used 12487K, capacity 12720K, committed 12928K, reserved 1060864K
  class space    used 1567K, capacity 1651K, committed 1664K, reserved 1048576K
Event: 35.584 GC heap after
Heap after GC invocations=3 (full 1):
 PSYoungGen      total 38400K, used 4022K [0x00000000d5f00000, 0x00000000d8980000, 0x0000000100000000)
  eden space 33280K, 0% used [0x00000000d5f00000,0x00000000d5f00000,0x00000000d7f80000)
  from space 5120K, 78% used [0x00000000d8480000,0x00000000d886d9d0,0x00000000d8980000)
  to   space 5120K, 0% used [0x00000000d7f80000,0x00000000d7f80000,0x00000000d8480000)
 ParOldGen       total 210944K, used 159407K [0x0000000081c00000, 0x000000008ea00000, 0x00000000d5f00000)
  object space 210944K, 75% used [0x0000000081c00000,0x000000008b7abee0,0x000000008ea00000)
 Metaspace       used 12487K, capacity 12720K, committed 12928K, reserved 1060864K
  class space    used 1567K, capacity 1651K, committed 1664K, reserved 1048576K
}

Deoptimization events (10 events):
Event: 2.416 Thread 0x000000001a26f000 Uncommon trap: reason=unstable_if action=reinterpret pc=0x00000000026f7174 method=java.io.BufferedInputStream.read1([BII)I @ 22
Event: 2.420 Thread 0x000000001a26f000 Uncommon trap: reason=unstable_if action=reinterpret pc=0x00000000025ef768 method=java.lang.String.indexOf([CII[CIII)I @ 3
Event: 2.422 Thread 0x000000001a26f000 Uncommon trap: reason=bimorphic action=maybe_recompile pc=0x00000000027133a4 method=java.util.HashMap.getNode(ILjava/lang/Object;)Ljava/util/HashMap$Node; @ 126
Event: 2.422 Thread 0x000000001a26f000 Uncommon trap: reason=bimorphic action=maybe_recompile pc=0x00000000027133a4 method=java.util.HashMap.getNode(ILjava/lang/Object;)Ljava/util/HashMap$Node; @ 126
Event: 10.714 Thread 0x000000001a202800 Uncommon trap: reason=class_check action=maybe_recompile pc=0x0000000002591e28 method=java.lang.String.equals(Ljava/lang/Object;)Z @ 8
Event: 10.714 Thread 0x000000001a202800 Uncommon trap: reason=class_check action=maybe_recompile pc=0x0000000002591e28 method=java.lang.String.equals(Ljava/lang/Object;)Z @ 8
Event: 11.126 Thread 0x000000001a202800 Uncommon trap: reason=class_check action=maybe_recompile pc=0x0000000002591e28 method=java.lang.String.equals(Ljava/lang/Object;)Z @ 8
Event: 11.126 Thread 0x000000001a202800 Uncommon trap: reason=class_check action=maybe_recompile pc=0x0000000002591e28 method=java.lang.String.equals(Ljava/lang/Object;)Z @ 8
Event: 21.353 Thread 0x000000001a2d1800 Uncommon trap: reason=unstable_if action=reinterpret pc=0x0000000002625558 method=sun.awt.image.ByteInterleavedRaster.putByteData(IIII[B)V @ 79
Event: 35.653 Thread 0x000000001a202800 Uncommon trap: reason=unstable_if action=reinterpret pc=0x00000000028e60e0 method=java.awt.Component.getToolkitImpl()Ljava/awt/Toolkit; @ 6

Internal exceptions (10 events):
Event: 0.084 Thread 0x0000000002320800 Exception <a 'java/security/PrivilegedActionException'> (0x00000000d6059a88) thrown at [D:\re\workspace\8-2-build-windows-amd64-cygwin\jdk8u92\6642\hotspot\src\share\vm\prims\jvm.cpp, line 1386]
Event: 0.084 Thread 0x0000000002320800 Exception <a 'java/security/PrivilegedActionException'> (0x00000000d6059c98) thrown at [D:\re\workspace\8-2-build-windows-amd64-cygwin\jdk8u92\6642\hotspot\src\share\vm\prims\jvm.cpp, line 1386]
Event: 0.089 Thread 0x0000000002320800 Exception <a 'java/io/FileNotFoundException'> (0x00000000d60609d8) thrown at [D:\re\workspace\8-2-build-windows-amd64-cygwin\jdk8u92\6642\hotspot\src\share\vm\prims\jni.cpp, line 709]
Event: 0.113 Thread 0x0000000002320800 Exception <a 'java/lang/NoSuchFieldError': method resolution failed> (0x00000000d612e0d8) thrown at [D:\re\workspace\8-2-build-windows-amd64-cygwin\jdk8u92\6642\hotspot\src\share\vm\prims\methodHandles.cpp, line 1146]
Event: 0.114 Thread 0x0000000002320800 Exception <a 'java/lang/NoSuchFieldError': method resolution failed> (0x00000000d613b4a8) thrown at [D:\re\workspace\8-2-build-windows-amd64-cygwin\jdk8u92\6642\hotspot\src\share\vm\prims\methodHandles.cpp, line 1146]
Event: 0.139 Thread 0x0000000002320800 Exception <a 'java/io/FileNotFoundException'> (0x00000000d61cf928) thrown at [D:\re\workspace\8-2-build-windows-amd64-cygwin\jdk8u92\6642\hotspot\src\share\vm\prims\jni.cpp, line 709]
Event: 2.415 Thread 0x000000001a26f000 Exception <a 'java/lang/NoSuchMethodError': <clinit>> (0x00000000d63905f0) thrown at [D:\re\workspace\8-2-build-windows-amd64-cygwin\jdk8u92\6642\hotspot\src\share\vm\prims\jni.cpp, line 1613]
Event: 2.425 Thread 0x000000001a26f000 Exception <a 'java/lang/NoSuchMethodError': <clinit>> (0x00000000d63db340) thrown at [D:\re\workspace\8-2-build-windows-amd64-cygwin\jdk8u92\6642\hotspot\src\share\vm\prims\jni.cpp, line 1613]
Event: 2.426 Thread 0x000000001a26f000 Exception <a 'java/lang/NoSuchMethodError': <clinit>> (0x00000000d63e59b0) thrown at [D:\re\workspace\8-2-build-windows-amd64-cygwin\jdk8u92\6642\hotspot\src\share\vm\prims\jni.cpp, line 1613]
Event: 35.435 Thread 0x000000001a26f000 Exception <a 'java/lang/NullPointerException'> (0x00000000d699ff10) thrown at [D:\re\workspace\8-2-build-windows-amd64-cygwin\jdk8u92\6642\hotspot\src\share\vm\interpreter\linkResolver.cpp, line 1178]

Events (10 events):
Event: 35.655 loading class sun/java2d/loops/MaskBlit$General
Event: 35.660 loading class sun/java2d/loops/GraphicsPrimitive$GeneralBinaryOp
Event: 35.661 loading class sun/java2d/loops/GraphicsPrimitive$GeneralBinaryOp done
Event: 35.661 loading class sun/java2d/loops/MaskBlit$General done
Event: 35.661 Executing VM operation: Deoptimize
Event: 35.665 Executing VM operation: Deoptimize done
Event: 35.687 loading class java/lang/Math$RandomNumberGeneratorHolder
Event: 35.687 loading class java/lang/Math$RandomNumberGeneratorHolder done
Event: 41.379 loading class java/security/DomainCombiner
Event: 41.379 loading class java/security/DomainCombiner done


Dynamic libraries:
0x00007ff737e90000 - 0x00007ff737ec7000 	C:\Program Files\Java\jre1.8.0_92\bin\javaw.exe
0x00007ffb65510000 - 0x00007ffb656d1000 	C:\WINDOWS\SYSTEM32\ntdll.dll
0x00007ffb65300000 - 0x00007ffb653ad000 	C:\WINDOWS\system32\KERNEL32.DLL
0x00007ffb61e10000 - 0x00007ffb61ff8000 	C:\WINDOWS\system32\KERNELBASE.dll
0x00007ffb64ab0000 - 0x00007ffb64b57000 	C:\WINDOWS\system32\ADVAPI32.dll
0x00007ffb63060000 - 0x00007ffb630fd000 	C:\WINDOWS\system32\msvcrt.dll
0x00007ffb65120000 - 0x00007ffb6517b000 	C:\WINDOWS\system32\sechost.dll
0x00007ffb653f0000 - 0x00007ffb6550c000 	C:\WINDOWS\system32\RPCRT4.dll
0x00007ffb64860000 - 0x00007ffb649b6000 	C:\WINDOWS\system32\USER32.dll
0x00007ffb646d0000 - 0x00007ffb64856000 	C:\WINDOWS\system32\GDI32.dll
0x00007ffb5d7c0000 - 0x00007ffb5da34000 	C:\WINDOWS\WinSxS\amd64_microsoft.windows.common-controls_6595b64144ccf1df_6.0.10586.0_none_8c15ae12515e1c22\COMCTL32.dll
0x00007ffb62c10000 - 0x00007ffb62e8d000 	C:\WINDOWS\system32\combase.dll
0x00007ffb628a0000 - 0x00007ffb6290a000 	C:\WINDOWS\system32\bcryptPrimitives.dll
0x00007ffb653b0000 - 0x00007ffb653eb000 	C:\WINDOWS\system32\IMM32.DLL
0x00007ffb61a20000 - 0x00007ffb61a51000 	C:\Windows\system32\nvinitx.dll
0x00007ffb61a10000 - 0x00007ffb61a1a000 	C:\WINDOWS\SYSTEM32\VERSION.dll
0x000000005a870000 - 0x000000005a942000 	C:\Program Files\Java\jre1.8.0_92\bin\msvcr100.dll
0x000000005aaf0000 - 0x000000005b386000 	C:\Program Files\Java\jre1.8.0_92\bin\server\jvm.dll
0x00007ffb63160000 - 0x00007ffb63168000 	C:\WINDOWS\system32\PSAPI.DLL
0x00007ffb5f040000 - 0x00007ffb5f063000 	C:\WINDOWS\SYSTEM32\WINMM.dll
0x00007ffb49470000 - 0x00007ffb49479000 	C:\WINDOWS\SYSTEM32\WSOCK32.dll
0x00007ffb64a40000 - 0x00007ffb64aab000 	C:\WINDOWS\system32\WS2_32.dll
0x00000000020b0000 - 0x00000000020dc000 	C:\WINDOWS\SYSTEM32\WINMMBASE.dll
0x00007ffb62850000 - 0x00007ffb62893000 	C:\WINDOWS\system32\cfgmgr32.dll
0x000000005b880000 - 0x000000005b88f000 	C:\Program Files\Java\jre1.8.0_92\bin\verify.dll
0x000000005a9e0000 - 0x000000005aa09000 	C:\Program Files\Java\jre1.8.0_92\bin\java.dll
0x000000005a9c0000 - 0x000000005a9d6000 	C:\Program Files\Java\jre1.8.0_92\bin\zip.dll
0x00007ffb63170000 - 0x00007ffb646cc000 	C:\WINDOWS\system32\SHELL32.dll
0x00007ffb62000000 - 0x00007ffb62644000 	C:\WINDOWS\system32\windows.storage.dll
0x00007ffb63100000 - 0x00007ffb63152000 	C:\WINDOWS\system32\shlwapi.dll
0x00007ffb61bb0000 - 0x00007ffb61bbf000 	C:\WINDOWS\system32\kernel.appcore.dll
0x00007ffb62650000 - 0x00007ffb62705000 	C:\WINDOWS\system32\shcore.dll
0x00007ffb61b40000 - 0x00007ffb61b8b000 	C:\WINDOWS\system32\powrprof.dll
0x00007ffb61b90000 - 0x00007ffb61ba4000 	C:\WINDOWS\system32\profapi.dll
0x000000005a6d0000 - 0x000000005a868000 	C:\Program Files\Java\jre1.8.0_92\bin\awt.dll
0x00007ffb65180000 - 0x00007ffb65241000 	C:\WINDOWS\system32\OLEAUT32.dll
0x00007ffb5f9a0000 - 0x00007ffb5fa19000 	C:\WINDOWS\system32\apphelp.dll
0x00007ffb5e4f0000 - 0x00007ffb5e512000 	C:\WINDOWS\system32\DWMAPI.DLL
0x00007ffb5fbe0000 - 0x00007ffb5fc76000 	C:\WINDOWS\system32\uxtheme.dll
0x00007ffb62f00000 - 0x00007ffb6305a000 	C:\WINDOWS\system32\MSCTF.dll
0x00007ffb62ac0000 - 0x00007ffb62c03000 	C:\WINDOWS\system32\ole32.dll
0x000000005a680000 - 0x000000005a6c7000 	C:\Program Files\Java\jre1.8.0_92\bin\fontmanager.dll
0x00007ffb60300000 - 0x00007ffb60309000 	C:\Users\Jairo\Documents\GitHub\WiiMote\WiiuseJ.dll
0x00007ffb541c0000 - 0x00007ffb541df000 	C:\Users\Jairo\Documents\GitHub\WiiMote\wiiuse.dll
0x00007ffb64c90000 - 0x00007ffb650b9000 	C:\WINDOWS\system32\SETUPAPI.dll
0x00007ffb60170000 - 0x00007ffb6017c000 	C:\WINDOWS\SYSTEM32\HID.DLL
0x00007ffb61820000 - 0x00007ffb61847000 	C:\WINDOWS\SYSTEM32\DEVOBJ.dll
0x00007ffb61d90000 - 0x00007ffb61de5000 	C:\WINDOWS\system32\WINTRUST.dll
0x00007ffb61b30000 - 0x00007ffb61b40000 	C:\WINDOWS\system32\MSASN1.dll
0x00007ffb61bc0000 - 0x00007ffb61d88000 	C:\WINDOWS\system32\CRYPT32.dll
0x000000005a670000 - 0x000000005a67c000 	C:\Program Files\Java\jre1.8.0_92\bin\jsound.dll
0x000000005a660000 - 0x000000005a66b000 	C:\Program Files\Java\jre1.8.0_92\bin\jsoundds.dll
0x00007ffb420f0000 - 0x00007ffb4218c000 	C:\WINDOWS\SYSTEM32\DSOUND.dll
0x00007ffb5c400000 - 0x00007ffb5c470000 	C:\WINDOWS\SYSTEM32\MMDevAPI.DLL
0x00007ffb5ec00000 - 0x00007ffb5ed86000 	C:\WINDOWS\SYSTEM32\PROPSYS.dll
0x00007ffb4a540000 - 0x00007ffb4a582000 	C:\WINDOWS\SYSTEM32\wdmaud.drv
0x00007ffb5da50000 - 0x00007ffb5da5b000 	C:\WINDOWS\SYSTEM32\AVRT.dll
0x00007ffb5eea0000 - 0x00007ffb5eea8000 	C:\WINDOWS\SYSTEM32\ksuser.dll
0x00007ffb55db0000 - 0x00007ffb55e38000 	C:\WINDOWS\SYSTEM32\AUDIOSES.DLL
0x00007ffb5e3b0000 - 0x00007ffb5e4e6000 	C:\WINDOWS\SYSTEM32\wintypes.dll
0x00007ffb5a460000 - 0x00007ffb5a46c000 	C:\WINDOWS\SYSTEM32\msacm32.drv
0x00007ffb53040000 - 0x00007ffb5305c000 	C:\WINDOWS\SYSTEM32\MSACM32.dll
0x00007ffb54790000 - 0x00007ffb5479a000 	C:\WINDOWS\SYSTEM32\midimap.dll
0x00007ffb65250000 - 0x00007ffb652f7000 	C:\WINDOWS\system32\clbcatq.dll
0x000000005a9a0000 - 0x000000005a9ba000 	C:\Program Files\Java\jre1.8.0_92\bin\net.dll
0x00007ffb610a0000 - 0x00007ffb610fc000 	C:\WINDOWS\system32\mswsock.dll
0x000000005a980000 - 0x000000005a991000 	C:\Program Files\Java\jre1.8.0_92\bin\nio.dll
0x000000005a460000 - 0x000000005a4a2000 	C:\Program Files\Java\jre1.8.0_92\bin\t2k.dll
0x00007ffb5d440000 - 0x00007ffb5d5f1000 	C:\WINDOWS\SYSTEM32\WindowsCodecs.dll
0x00007ffb4e1a0000 - 0x00007ffb4e1ea000 	C:\WINDOWS\system32\dataexchange.dll
0x00007ffb5e100000 - 0x00007ffb5e3a8000 	C:\WINDOWS\system32\d3d11.dll
0x00007ffb5f5b0000 - 0x00007ffb5f693000 	C:\WINDOWS\system32\dcomp.dll
0x00007ffb5e050000 - 0x00007ffb5e0f2000 	C:\WINDOWS\system32\dxgi.dll
0x00007ffb5fc80000 - 0x00007ffb5fd80000 	C:\WINDOWS\system32\twinapi.appcore.dll
0x00007ffb61a60000 - 0x00007ffb61a89000 	C:\WINDOWS\system32\bcrypt.dll
0x00007ffb3e1e0000 - 0x00007ffb3e36c000 	C:\WINDOWS\SYSTEM32\dbghelp.dll

VM Arguments:
jvm_args: -Dfile.encoding=Cp1252 
java_command: Wissel
java_class_path (initial): C:\Users\Jairo\Documents\GitHub\WiiMote\bin;C:\Users\Jairo\Documents\GitHub\WiiMote\wiiusej.jar
Launcher Type: SUN_STANDARD

Environment Variables:
PATH=C:/Program Files/Java/jre1.8.0_92/bin/server;C:/Program Files/Java/jre1.8.0_92/bin;C:/Program Files/Java/jre1.8.0_92/lib/amd64;C:\ProgramData\Oracle\Java\javapath;C:\WINDOWS\system32;C:\WINDOWS;C:\WINDOWS\System32\Wbem;C:\WINDOWS\System32\WindowsPowerShell\v1.0\;C:\Program Files (x86)\Microsoft SQL Server\100\Tools\Binn\;C:\Program Files (x86)\Microsoft SQL Server\100\DTS\Binn\;C:\Program Files (x86)\Skype\Phone\;C:\Users\Jairo\Desktop\eclipse;
USERNAME=Jairo
OS=Windows_NT
PROCESSOR_IDENTIFIER=Intel64 Family 6 Model 60 Stepping 3, GenuineIntel



---------------  S Y S T E M  ---------------

OS: Windows 10.0 , 64 bit Build 10586 (10.0.10586.0)

CPU:total 8 (4 cores per cpu, 2 threads per core) family 6 model 60 stepping 3, cmov, cx8, fxsr, mmx, sse, sse2, sse3, ssse3, sse4.1, sse4.2, popcnt, avx, avx2, aes, clmul, erms, lzcnt, ht, tsc, tscinvbit, bmi1, bmi2

Memory: 4k page, physical 8266860k(4260236k free), swap 9577580k(4674284k free)

vm_info: Java HotSpot(TM) 64-Bit Server VM (25.92-b14) for windows-amd64 JRE (1.8.0_92-b14), built on Mar 31 2016 21:03:04 by "java_re" with MS VC++ 10.0 (VS2010)

time: Fri Jun 10 13:05:58 2016
elapsed time: 47 seconds (0d 0h 0m 47s)

